{"/home/travis/build/npmtest/node-npmtest-feedparser/test.js":{"path":"/home/travis/build/npmtest/node-npmtest-feedparser/test.js","s":{"1":2,"2":2,"3":2,"4":2,"5":2,"6":2,"7":2,"8":1,"9":2,"10":2,"11":1,"12":1,"13":1,"14":1,"15":2,"16":2,"17":2,"18":2,"19":1,"20":1,"21":2,"22":2,"23":2,"24":1,"25":1,"26":1,"27":1,"28":1,"29":1,"30":1,"31":1,"32":1,"33":1,"34":1,"35":1,"36":1,"37":1,"38":1,"39":2,"40":2,"41":1,"42":2,"43":2,"44":1,"45":2,"46":2,"47":1,"48":2,"49":2,"50":1,"51":1,"52":1,"53":1,"54":1},"b":{"1":[2,1,1,1],"2":[1,1,1,1],"3":[1,1],"4":[1,1],"5":[1,1],"6":[1,1],"7":[1,1],"8":[1,1],"9":[1,1],"10":[1,1,1],"11":[1,1],"12":[1,1],"13":[1,1],"14":[1,1],"15":[1,1],"16":[1,1],"17":[1,1]},"f":{"1":2,"2":2,"3":2,"4":2,"5":2,"6":1,"7":1,"8":1,"9":2,"10":2,"11":2,"12":2,"13":1},"fnMap":{"1":{"name":"(anonymous_1)","line":12,"loc":{"start":{"line":12,"column":1},"end":{"line":12,"column":13}}},"2":{"name":"(anonymous_2)","line":19,"loc":{"start":{"line":19,"column":5},"end":{"line":19,"column":17}}},"3":{"name":"(anonymous_3)","line":23,"loc":{"start":{"line":23,"column":24},"end":{"line":23,"column":36}}},"4":{"name":"(anonymous_4)","line":61,"loc":{"start":{"line":61,"column":5},"end":{"line":61,"column":17}}},"5":{"name":"(anonymous_5)","line":82,"loc":{"start":{"line":82,"column":5},"end":{"line":82,"column":17}}},"6":{"name":"(anonymous_6)","line":91,"loc":{"start":{"line":91,"column":77},"end":{"line":94,"column":10}}},"7":{"name":"(anonymous_7)","line":112,"loc":{"start":{"line":112,"column":83},"end":{"line":115,"column":10}},"skip":true},"8":{"name":"(anonymous_8)","line":123,"loc":{"start":{"line":123,"column":77},"end":{"line":126,"column":10}},"skip":true},"9":{"name":"(anonymous_9)","line":139,"loc":{"start":{"line":139,"column":12},"end":{"line":139,"column":40}},"skip":true},"10":{"name":"(anonymous_10)","line":147,"loc":{"start":{"line":147,"column":77},"end":{"line":150,"column":10}},"skip":true},"11":{"name":"(anonymous_11)","line":158,"loc":{"start":{"line":158,"column":83},"end":{"line":161,"column":10}},"skip":true},"12":{"name":"(anonymous_12)","line":169,"loc":{"start":{"line":169,"column":79},"end":{"line":172,"column":10}},"skip":true},"13":{"name":"(anonymous_13)","line":180,"loc":{"start":{"line":180,"column":75},"end":{"line":183,"column":10}},"skip":true}},"statementMap":{"1":{"start":{"line":12,"column":0},"end":{"line":195,"column":5}},"2":{"start":{"line":14,"column":4},"end":{"line":14,"column":14}},"3":{"start":{"line":19,"column":4},"end":{"line":56,"column":9}},"4":{"start":{"line":21,"column":8},"end":{"line":21,"column":19}},"5":{"start":{"line":23,"column":8},"end":{"line":35,"column":13}},"6":{"start":{"line":24,"column":12},"end":{"line":34,"column":13}},"7":{"start":{"line":25,"column":16},"end":{"line":28,"column":30}},"8":{"start":{"line":30,"column":16},"end":{"line":33,"column":27}},"9":{"start":{"line":37,"column":8},"end":{"line":39,"column":21}},"10":{"start":{"line":40,"column":8},"end":{"line":53,"column":9}},"11":{"start":{"line":43,"column":12},"end":{"line":46,"column":14}},"12":{"start":{"line":47,"column":12},"end":{"line":47,"column":18}},"13":{"start":{"line":50,"column":12},"end":{"line":51,"column":46}},"14":{"start":{"line":52,"column":12},"end":{"line":52,"column":18}},"15":{"start":{"line":55,"column":8},"end":{"line":55,"column":35}},"16":{"start":{"line":61,"column":4},"end":{"line":63,"column":9}},"17":{"start":{"line":62,"column":8},"end":{"line":62,"column":15}},"18":{"start":{"line":64,"column":4},"end":{"line":77,"column":5}},"19":{"start":{"line":70,"column":8},"end":{"line":70,"column":14}},"20":{"start":{"line":76,"column":8},"end":{"line":76,"column":14}},"21":{"start":{"line":82,"column":4},"end":{"line":84,"column":9}},"22":{"start":{"line":83,"column":8},"end":{"line":83,"column":15}},"23":{"start":{"line":85,"column":4},"end":{"line":194,"column":5}},"24":{"start":{"line":91,"column":8},"end":{"line":99,"column":10}},"25":{"start":{"line":98,"column":12},"end":{"line":98,"column":35}},"26":{"start":{"line":102,"column":8},"end":{"line":104,"column":63}},"27":{"start":{"line":105,"column":8},"end":{"line":105,"column":14}},"28":{"start":{"line":112,"column":8},"end":{"line":121,"column":10},"skip":true},"29":{"start":{"line":119,"column":12},"end":{"line":119,"column":55},"skip":true},"30":{"start":{"line":120,"column":12},"end":{"line":120,"column":48},"skip":true},"31":{"start":{"line":123,"column":8},"end":{"line":136,"column":10},"skip":true},"32":{"start":{"line":130,"column":12},"end":{"line":130,"column":76},"skip":true},"33":{"start":{"line":131,"column":12},"end":{"line":131,"column":73},"skip":true},"34":{"start":{"line":132,"column":12},"end":{"line":132,"column":74},"skip":true},"35":{"start":{"line":133,"column":12},"end":{"line":133,"column":79},"skip":true},"36":{"start":{"line":134,"column":12},"end":{"line":134,"column":25},"skip":true},"37":{"start":{"line":135,"column":12},"end":{"line":135,"column":45},"skip":true},"38":{"start":{"line":138,"column":8},"end":{"line":145,"column":14},"skip":true},"39":{"start":{"line":143,"column":16},"end":{"line":143,"column":29},"skip":true},"40":{"start":{"line":144,"column":16},"end":{"line":144,"column":55},"skip":true},"41":{"start":{"line":147,"column":8},"end":{"line":156,"column":10},"skip":true},"42":{"start":{"line":154,"column":12},"end":{"line":154,"column":25},"skip":true},"43":{"start":{"line":155,"column":12},"end":{"line":155,"column":45},"skip":true},"44":{"start":{"line":158,"column":8},"end":{"line":167,"column":10},"skip":true},"45":{"start":{"line":165,"column":12},"end":{"line":165,"column":25},"skip":true},"46":{"start":{"line":166,"column":12},"end":{"line":166,"column":48},"skip":true},"47":{"start":{"line":169,"column":8},"end":{"line":178,"column":10},"skip":true},"48":{"start":{"line":176,"column":12},"end":{"line":176,"column":25},"skip":true},"49":{"start":{"line":177,"column":12},"end":{"line":177,"column":46},"skip":true},"50":{"start":{"line":180,"column":8},"end":{"line":189,"column":10},"skip":true},"51":{"start":{"line":187,"column":12},"end":{"line":187,"column":94},"skip":true},"52":{"start":{"line":188,"column":12},"end":{"line":188,"column":48},"skip":true},"53":{"start":{"line":192,"column":8},"end":{"line":192,"column":35},"skip":true},"54":{"start":{"line":193,"column":8},"end":{"line":193,"column":14},"skip":true}},"branchMap":{"1":{"line":25,"type":"binary-expr","locations":[{"start":{"line":25,"column":23},"end":{"line":25,"column":62}},{"start":{"line":26,"column":20},"end":{"line":26,"column":70}},{"start":{"line":27,"column":20},"end":{"line":27,"column":71}},{"start":{"line":28,"column":20},"end":{"line":28,"column":29}}]},"2":{"line":30,"type":"binary-expr","locations":[{"start":{"line":30,"column":23},"end":{"line":30,"column":37}},{"start":{"line":31,"column":20},"end":{"line":31,"column":61}},{"start":{"line":32,"column":20},"end":{"line":32,"column":70}},{"start":{"line":33,"column":20},"end":{"line":33,"column":26}}]},"3":{"line":37,"type":"cond-expr","locations":[{"start":{"line":38,"column":14},"end":{"line":38,"column":20}},{"start":{"line":39,"column":14},"end":{"line":39,"column":20}}]},"4":{"line":40,"type":"switch","locations":[{"start":{"line":42,"column":8},"end":{"line":47,"column":18}},{"start":{"line":49,"column":8},"end":{"line":52,"column":18}}]},"5":{"line":44,"type":"binary-expr","locations":[{"start":{"line":44,"column":16},"end":{"line":44,"column":44}},{"start":{"line":44,"column":48},"end":{"line":44,"column":66}}]},"6":{"line":50,"type":"binary-expr","locations":[{"start":{"line":50,"column":21},"end":{"line":50,"column":49}},{"start":{"line":50,"column":53},"end":{"line":50,"column":72}}]},"7":{"line":64,"type":"switch","locations":[{"start":{"line":69,"column":4},"end":{"line":70,"column":14}},{"start":{"line":75,"column":4},"end":{"line":76,"column":14}}]},"8":{"line":85,"type":"switch","locations":[{"start":{"line":90,"column":4},"end":{"line":105,"column":14}},{"start":{"line":111,"column":4},"end":{"line":193,"column":14},"skip":true}]},"9":{"line":91,"type":"binary-expr","locations":[{"start":{"line":91,"column":42},"end":{"line":91,"column":73}},{"start":{"line":91,"column":77},"end":{"line":99,"column":9}}]},"10":{"line":102,"type":"binary-expr","locations":[{"start":{"line":102,"column":18},"end":{"line":102,"column":32}},{"start":{"line":103,"column":12},"end":{"line":103,"column":53}},{"start":{"line":104,"column":12},"end":{"line":104,"column":61}}]},"11":{"line":112,"type":"binary-expr","locations":[{"start":{"line":112,"column":45},"end":{"line":112,"column":79},"skip":true},{"start":{"line":112,"column":83},"end":{"line":121,"column":9},"skip":true}]},"12":{"line":123,"type":"binary-expr","locations":[{"start":{"line":123,"column":42},"end":{"line":123,"column":73},"skip":true},{"start":{"line":123,"column":77},"end":{"line":136,"column":9},"skip":true}]},"13":{"line":138,"type":"binary-expr","locations":[{"start":{"line":138,"column":48},"end":{"line":138,"column":85},"skip":true},{"start":{"line":139,"column":12},"end":{"line":145,"column":13},"skip":true}]},"14":{"line":147,"type":"binary-expr","locations":[{"start":{"line":147,"column":42},"end":{"line":147,"column":73},"skip":true},{"start":{"line":147,"column":77},"end":{"line":156,"column":9},"skip":true}]},"15":{"line":158,"type":"binary-expr","locations":[{"start":{"line":158,"column":45},"end":{"line":158,"column":79},"skip":true},{"start":{"line":158,"column":83},"end":{"line":167,"column":9},"skip":true}]},"16":{"line":169,"type":"binary-expr","locations":[{"start":{"line":169,"column":43},"end":{"line":169,"column":75},"skip":true},{"start":{"line":169,"column":79},"end":{"line":178,"column":9},"skip":true}]},"17":{"line":180,"type":"binary-expr","locations":[{"start":{"line":180,"column":41},"end":{"line":180,"column":71},"skip":true},{"start":{"line":180,"column":75},"end":{"line":189,"column":9},"skip":true}]}},"code":["/* istanbul instrument in package npmtest_feedparser */","/*jslint","    bitwise: true,","    browser: true,","    maxerr: 8,","    maxlen: 96,","    node: true,","    nomen: true,","    regexp: true,","    stupid: true","*/","(function () {","    'use strict';","    var local;","","","","    // run shared js-env code - pre-init","    (function () {","        // init local","        local = {};","        // init modeJs","        local.modeJs = (function () {","            try {","                return typeof navigator.userAgent === 'string' &&","                    typeof document.querySelector('body') === 'object' &&","                    typeof XMLHttpRequest.prototype.open === 'function' &&","                    'browser';","            } catch (errorCaughtBrowser) {","                return module.exports &&","                    typeof process.versions.node === 'string' &&","                    typeof require('http').createServer === 'function' &&","                    'node';","            }","        }());","        // init global","        local.global = local.modeJs === 'browser'","            ? window","            : global;","        switch (local.modeJs) {","        // re-init local from window.local","        case 'browser':","            local = local.global.utility2.objectSetDefault(","                local.global.utility2_rollup || local.global.local,","                local.global.utility2","            );","            break;","        // re-init local from example.js","        case 'node':","            local = (local.global.utility2_rollup || require('utility2'))","                .requireExampleJsFromReadme();","            break;","        }","        // export local","        local.global.local = local;","    }());","","","","    // run shared js-env code - function","    (function () {","        return;","    }());","    switch (local.modeJs) {","","","","    // run browser js-env code - function","    case 'browser':","        break;","","","","    // run node js-env code - function","    case 'node':","        break;","    }","","","","    // run shared js-env code - post-init","    (function () {","        return;","    }());","    switch (local.modeJs) {","","","","    // run browser js-env code - post-init","    case 'browser':","        local.testCase_browser_nullCase = local.testCase_browser_nullCase || function (","            options,","            onError","        ) {","        /*","         * this function will test browsers's null-case handling-behavior-behavior","         */","            onError(null, options);","        };","","        // run tests","        local.nop(local.modeTest &&","            document.querySelector('#testRunButton1') &&","            document.querySelector('#testRunButton1').click());","        break;","","","","    // run node js-env code - post-init","    /* istanbul ignore next */","    case 'node':","        local.testCase_buildApidoc_default = local.testCase_buildApidoc_default || function (","            options,","            onError","        ) {","        /*","         * this function will test buildApidoc's default handling-behavior-behavior","         */","            options = { modulePathList: module.paths };","            local.buildApidoc(options, onError);","        };","","        local.testCase_buildApp_default = local.testCase_buildApp_default || function (","            options,","            onError","        ) {","        /*","         * this function will test buildApp's default handling-behavior-behavior","         */","            local.testCase_buildReadme_default(options, local.onErrorThrow);","            local.testCase_buildLib_default(options, local.onErrorThrow);","            local.testCase_buildTest_default(options, local.onErrorThrow);","            local.testCase_buildCustomOrg_default(options, local.onErrorThrow);","            options = [];","            local.buildApp(options, onError);","        };","","        local.testCase_buildCustomOrg_default = local.testCase_buildCustomOrg_default ||","            function (options, onError) {","            /*","             * this function will test buildCustomOrg's default handling-behavior","             */","                options = {};","                local.buildCustomOrg(options, onError);","            };","","        local.testCase_buildLib_default = local.testCase_buildLib_default || function (","            options,","            onError","        ) {","        /*","         * this function will test buildLib's default handling-behavior","         */","            options = {};","            local.buildLib(options, onError);","        };","","        local.testCase_buildReadme_default = local.testCase_buildReadme_default || function (","            options,","            onError","        ) {","        /*","         * this function will test buildReadme's default handling-behavior-behavior","         */","            options = {};","            local.buildReadme(options, onError);","        };","","        local.testCase_buildTest_default = local.testCase_buildTest_default || function (","            options,","            onError","        ) {","        /*","         * this function will test buildTest's default handling-behavior","         */","            options = {};","            local.buildTest(options, onError);","        };","","        local.testCase_webpage_default = local.testCase_webpage_default || function (","            options,","            onError","        ) {","        /*","         * this function will test webpage's default handling-behavior","         */","            options = { modeCoverageMerge: true, url: local.serverLocalHost + '?modeTest=1' };","            local.browserTest(options, onError);","        };","","        // run test-server","        local.testRunServer(local);","        break;","    }","}());",""],"l":{"12":2,"14":2,"19":2,"21":2,"23":2,"24":2,"25":2,"30":1,"37":2,"40":2,"43":1,"47":1,"50":1,"52":1,"55":2,"61":2,"62":2,"64":2,"70":1,"76":1,"82":2,"83":2,"85":2,"91":1,"98":1,"102":1,"105":1,"112":1,"119":1,"120":1,"123":1,"130":1,"131":1,"132":1,"133":1,"134":1,"135":1,"138":1,"143":2,"144":2,"147":1,"154":2,"155":2,"158":1,"165":2,"166":2,"169":1,"176":2,"177":2,"180":1,"187":1,"188":1,"192":1,"193":1}},"/home/travis/build/npmtest/node-npmtest-feedparser/lib.npmtest_feedparser.js":{"path":"/home/travis/build/npmtest/node-npmtest-feedparser/lib.npmtest_feedparser.js","s":{"1":2,"2":2,"3":2,"4":2,"5":2,"6":2,"7":2,"8":1,"9":2,"10":2,"11":2,"12":2,"13":1,"14":1,"15":1,"16":1},"b":{"1":[2,1,1,1],"2":[1,1,1,1],"3":[1,1],"4":[2,2],"5":[1,1]},"f":{"1":2,"2":2,"3":2},"fnMap":{"1":{"name":"(anonymous_1)","line":12,"loc":{"start":{"line":12,"column":1},"end":{"line":12,"column":13}}},"2":{"name":"(anonymous_2)","line":19,"loc":{"start":{"line":19,"column":5},"end":{"line":19,"column":17}}},"3":{"name":"(anonymous_3)","line":23,"loc":{"start":{"line":23,"column":24},"end":{"line":23,"column":36}}}},"statementMap":{"1":{"start":{"line":12,"column":0},"end":{"line":53,"column":5}},"2":{"start":{"line":14,"column":4},"end":{"line":14,"column":14}},"3":{"start":{"line":19,"column":4},"end":{"line":52,"column":9}},"4":{"start":{"line":21,"column":8},"end":{"line":21,"column":19}},"5":{"start":{"line":23,"column":8},"end":{"line":35,"column":13}},"6":{"start":{"line":24,"column":12},"end":{"line":34,"column":13}},"7":{"start":{"line":25,"column":16},"end":{"line":28,"column":30}},"8":{"start":{"line":30,"column":16},"end":{"line":33,"column":27}},"9":{"start":{"line":37,"column":8},"end":{"line":39,"column":21}},"10":{"start":{"line":41,"column":8},"end":{"line":41,"column":54}},"11":{"start":{"line":43,"column":8},"end":{"line":43,"column":55}},"12":{"start":{"line":45,"column":8},"end":{"line":51,"column":9}},"13":{"start":{"line":46,"column":12},"end":{"line":46,"column":61}},"14":{"start":{"line":48,"column":12},"end":{"line":48,"column":35}},"15":{"start":{"line":49,"column":12},"end":{"line":49,"column":49}},"16":{"start":{"line":50,"column":12},"end":{"line":50,"column":43}}},"branchMap":{"1":{"line":25,"type":"binary-expr","locations":[{"start":{"line":25,"column":23},"end":{"line":25,"column":62}},{"start":{"line":26,"column":20},"end":{"line":26,"column":70}},{"start":{"line":27,"column":20},"end":{"line":27,"column":71}},{"start":{"line":28,"column":20},"end":{"line":28,"column":29}}]},"2":{"line":30,"type":"binary-expr","locations":[{"start":{"line":30,"column":23},"end":{"line":30,"column":37}},{"start":{"line":31,"column":20},"end":{"line":31,"column":61}},{"start":{"line":32,"column":20},"end":{"line":32,"column":70}},{"start":{"line":33,"column":20},"end":{"line":33,"column":26}}]},"3":{"line":37,"type":"cond-expr","locations":[{"start":{"line":38,"column":14},"end":{"line":38,"column":20}},{"start":{"line":39,"column":14},"end":{"line":39,"column":20}}]},"4":{"line":41,"type":"binary-expr","locations":[{"start":{"line":41,"column":16},"end":{"line":41,"column":44}},{"start":{"line":41,"column":48},"end":{"line":41,"column":53}}]},"5":{"line":45,"type":"if","locations":[{"start":{"line":45,"column":8},"end":{"line":45,"column":8}},{"start":{"line":45,"column":8},"end":{"line":45,"column":8}}]}},"code":["/* istanbul instrument in package npmtest_feedparser */","/*jslint","    bitwise: true,","    browser: true,","    maxerr: 8,","    maxlen: 96,","    node: true,","    nomen: true,","    regexp: true,","    stupid: true","*/","(function () {","    'use strict';","    var local;","","","","    // run shared js-env code - pre-init","    (function () {","        // init local","        local = {};","        // init modeJs","        local.modeJs = (function () {","            try {","                return typeof navigator.userAgent === 'string' &&","                    typeof document.querySelector('body') === 'object' &&","                    typeof XMLHttpRequest.prototype.open === 'function' &&","                    'browser';","            } catch (errorCaughtBrowser) {","                return module.exports &&","                    typeof process.versions.node === 'string' &&","                    typeof require('http').createServer === 'function' &&","                    'node';","            }","        }());","        // init global","        local.global = local.modeJs === 'browser'","            ? window","            : global;","        // init utility2_rollup","        local = local.global.utility2_rollup || local;","        // init lib","        local.local = local.npmtest_feedparser = local;","        // init exports","        if (local.modeJs === 'browser') {","            local.global.utility2_npmtest_feedparser = local;","        } else {","            module.exports = local;","            module.exports.__dirname = __dirname;","            module.exports.module = module;","        }","    }());","}());",""],"l":{"12":2,"14":2,"19":2,"21":2,"23":2,"24":2,"25":2,"30":1,"37":2,"41":2,"43":2,"45":2,"46":1,"48":1,"49":1,"50":1}},"/home/travis/build/npmtest/node-npmtest-feedparser/example.js":{"path":"/home/travis/build/npmtest/node-npmtest-feedparser/example.js","s":{"1":2,"2":2,"3":2,"4":2,"5":2,"6":2,"7":2,"8":1,"9":2,"10":2,"11":2,"12":2,"13":1,"14":2,"15":2,"16":2,"17":2,"18":2,"19":0,"20":2,"21":1,"22":1,"23":1,"24":1,"25":1,"26":0,"27":0,"28":1,"29":1,"30":2,"31":0,"32":0,"33":0,"34":1,"35":2,"36":2,"37":3,"38":3,"39":3,"40":3,"41":0,"42":3,"43":3,"44":3,"45":1,"46":3,"47":1,"48":1,"49":1,"50":1,"51":1,"52":1,"53":1,"54":1,"55":1,"56":1,"57":0,"58":1,"59":6,"60":6,"61":1,"62":2,"63":0,"64":2,"65":1,"66":1,"67":0,"68":0,"69":0,"70":0,"71":0,"72":0,"73":0,"74":0,"75":0,"76":0,"77":0,"78":0,"79":0,"80":0,"81":0,"82":0,"83":0},"b":{"1":[2,1,1,1],"2":[1,1,1,1],"3":[1,1],"4":[2,2],"5":[1,1],"6":[1,1],"7":[2,0],"8":[2,1,1,1,1,1],"9":[0,2,0],"10":[1,1],"11":[2,1,1],"12":[1,0],"13":[0,2],"14":[2,0,0,0,0,0,0],"15":[0,3],"16":[3,0],"17":[1,1],"18":[0,1],"19":[1,2,0,2],"20":[1,0],"21":[1,1],"22":[0,0],"23":[0,0],"24":[0,0],"25":[0,0],"26":[0,0],"27":[0,0],"28":[0,0]},"f":{"1":2,"2":2,"3":2,"4":2,"5":2,"6":2,"7":3,"8":3,"9":3,"10":1,"11":6,"12":0},"fnMap":{"1":{"name":"(anonymous_1)","line":26,"loc":{"start":{"line":26,"column":1},"end":{"line":26,"column":13}}},"2":{"name":"(anonymous_2)","line":33,"loc":{"start":{"line":33,"column":5},"end":{"line":33,"column":17}}},"3":{"name":"(anonymous_3)","line":37,"loc":{"start":{"line":37,"column":24},"end":{"line":37,"column":36}}},"4":{"name":"(anonymous_4)","line":69,"loc":{"start":{"line":69,"column":31},"end":{"line":69,"column":48}},"skip":true},"5":{"name":"(anonymous_5)","line":78,"loc":{"start":{"line":78,"column":26},"end":{"line":78,"column":45}},"skip":true},"6":{"name":"(anonymous_6)","line":123,"loc":{"start":{"line":123,"column":33},"end":{"line":123,"column":48}},"skip":true},"7":{"name":"(anonymous_7)","line":125,"loc":{"start":{"line":125,"column":27},"end":{"line":125,"column":39}},"skip":true},"8":{"name":"(anonymous_8)","line":133,"loc":{"start":{"line":133,"column":59},"end":{"line":133,"column":74}},"skip":true},"9":{"name":"(anonymous_9)","line":143,"loc":{"start":{"line":143,"column":45},"end":{"line":143,"column":62}},"skip":true},"10":{"name":"(anonymous_10)","line":144,"loc":{"start":{"line":144,"column":73},"end":{"line":144,"column":92}},"skip":true},"11":{"name":"(anonymous_11)","line":272,"loc":{"start":{"line":272,"column":51},"end":{"line":272,"column":77}},"skip":true},"12":{"name":"(anonymous_12)","line":315,"loc":{"start":{"line":315,"column":32},"end":{"line":315,"column":61}},"skip":true}},"statementMap":{"1":{"start":{"line":26,"column":0},"end":{"line":326,"column":5}},"2":{"start":{"line":28,"column":4},"end":{"line":28,"column":14}},"3":{"start":{"line":33,"column":4},"end":{"line":60,"column":9}},"4":{"start":{"line":35,"column":8},"end":{"line":35,"column":19}},"5":{"start":{"line":37,"column":8},"end":{"line":49,"column":13}},"6":{"start":{"line":38,"column":12},"end":{"line":48,"column":13}},"7":{"start":{"line":39,"column":16},"end":{"line":42,"column":30}},"8":{"start":{"line":44,"column":16},"end":{"line":47,"column":27}},"9":{"start":{"line":51,"column":8},"end":{"line":53,"column":21}},"10":{"start":{"line":55,"column":8},"end":{"line":57,"column":45}},"11":{"start":{"line":59,"column":8},"end":{"line":59,"column":35}},"12":{"start":{"line":61,"column":4},"end":{"line":325,"column":5}},"13":{"start":{"line":69,"column":8},"end":{"line":121,"column":10},"skip":true},"14":{"start":{"line":70,"column":12},"end":{"line":88,"column":13},"skip":true},"15":{"start":{"line":76,"column":16},"end":{"line":87,"column":19},"skip":true},"16":{"start":{"line":79,"column":20},"end":{"line":86,"column":21},"skip":true},"17":{"start":{"line":82,"column":24},"end":{"line":82,"column":43},"skip":true},"18":{"start":{"line":83,"column":24},"end":{"line":83,"column":30},"skip":true},"19":{"start":{"line":85,"column":24},"end":{"line":85,"column":49},"skip":true},"20":{"start":{"line":89,"column":12},"end":{"line":107,"column":13},"skip":true},"21":{"start":{"line":92,"column":16},"end":{"line":102,"column":17},"skip":true},"22":{"start":{"line":93,"column":20},"end":{"line":93,"column":86},"skip":true},"23":{"start":{"line":94,"column":20},"end":{"line":95,"column":45},"skip":true},"24":{"start":{"line":96,"column":20},"end":{"line":96,"column":42},"skip":true},"25":{"start":{"line":97,"column":20},"end":{"line":97,"column":48},"skip":true},"26":{"start":{"line":100,"column":20},"end":{"line":100,"column":85},"skip":true},"27":{"start":{"line":101,"column":20},"end":{"line":101,"column":96},"skip":true},"28":{"start":{"line":103,"column":16},"end":{"line":103,"column":22},"skip":true},"29":{"start":{"line":106,"column":16},"end":{"line":106,"column":22},"skip":true},"30":{"start":{"line":108,"column":12},"end":{"line":120,"column":13},"skip":true},"31":{"start":{"line":114,"column":16},"end":{"line":119,"column":17},"skip":true},"32":{"start":{"line":116,"column":20},"end":{"line":116,"column":78},"skip":true},"33":{"start":{"line":118,"column":20},"end":{"line":118,"column":47},"skip":true},"34":{"start":{"line":123,"column":8},"end":{"line":141,"column":11},"skip":true},"35":{"start":{"line":124,"column":12},"end":{"line":124,"column":54},"skip":true},"36":{"start":{"line":125,"column":12},"end":{"line":140,"column":14},"skip":true},"37":{"start":{"line":126,"column":16},"end":{"line":126,"column":28},"skip":true},"38":{"start":{"line":127,"column":16},"end":{"line":127,"column":69},"skip":true},"39":{"start":{"line":128,"column":16},"end":{"line":128,"column":75},"skip":true},"40":{"start":{"line":129,"column":16},"end":{"line":131,"column":17},"skip":true},"41":{"start":{"line":130,"column":20},"end":{"line":130,"column":27},"skip":true},"42":{"start":{"line":133,"column":16},"end":{"line":137,"column":36},"skip":true},"43":{"start":{"line":134,"column":20},"end":{"line":136,"column":55},"skip":true},"44":{"start":{"line":139,"column":16},"end":{"line":139,"column":57},"skip":true},"45":{"start":{"line":143,"column":8},"end":{"line":147,"column":11},"skip":true},"46":{"start":{"line":144,"column":12},"end":{"line":146,"column":15},"skip":true},"47":{"start":{"line":145,"column":16},"end":{"line":145,"column":70},"skip":true},"48":{"start":{"line":149,"column":8},"end":{"line":149,"column":31},"skip":true},"49":{"start":{"line":150,"column":8},"end":{"line":150,"column":14},"skip":true},"50":{"start":{"line":158,"column":8},"end":{"line":158,"column":31},"skip":true},"51":{"start":{"line":160,"column":8},"end":{"line":160,"column":33},"skip":true},"52":{"start":{"line":161,"column":8},"end":{"line":161,"column":37},"skip":true},"53":{"start":{"line":162,"column":8},"end":{"line":162,"column":35},"skip":true},"54":{"start":{"line":164,"column":8},"end":{"line":164,"column":50},"skip":true},"55":{"start":{"line":166,"column":8},"end":{"line":256,"column":2},"skip":true},"56":{"start":{"line":258,"column":8},"end":{"line":286,"column":9},"skip":true},"57":{"start":{"line":259,"column":12},"end":{"line":269,"column":14},"skip":true},"58":{"start":{"line":271,"column":12},"end":{"line":285,"column":19},"skip":true},"59":{"start":{"line":274,"column":20},"end":{"line":274,"column":35},"skip":true},"60":{"start":{"line":275,"column":20},"end":{"line":284,"column":21},"skip":true},"61":{"start":{"line":277,"column":24},"end":{"line":277,"column":64},"skip":true},"62":{"start":{"line":279,"column":24},"end":{"line":279,"column":40},"skip":true},"63":{"start":{"line":281,"column":24},"end":{"line":281,"column":40},"skip":true},"64":{"start":{"line":283,"column":24},"end":{"line":283,"column":39},"skip":true},"65":{"start":{"line":288,"column":8},"end":{"line":290,"column":9},"skip":true},"66":{"start":{"line":289,"column":12},"end":{"line":289,"column":18},"skip":true},"67":{"start":{"line":291,"column":8},"end":{"line":293,"column":54},"skip":true},"68":{"start":{"line":296,"column":8},"end":{"line":301,"column":37},"skip":true},"69":{"start":{"line":303,"column":8},"end":{"line":303,"column":82},"skip":true},"70":{"start":{"line":306,"column":8},"end":{"line":308,"column":9},"skip":true},"71":{"start":{"line":307,"column":12},"end":{"line":307,"column":82},"skip":true},"72":{"start":{"line":310,"column":8},"end":{"line":312,"column":9},"skip":true},"73":{"start":{"line":311,"column":12},"end":{"line":311,"column":18},"skip":true},"74":{"start":{"line":313,"column":8},"end":{"line":313,"column":54},"skip":true},"75":{"start":{"line":314,"column":8},"end":{"line":314,"column":69},"skip":true},"76":{"start":{"line":315,"column":8},"end":{"line":323,"column":36},"skip":true},"77":{"start":{"line":316,"column":12},"end":{"line":316,"column":61},"skip":true},"78":{"start":{"line":317,"column":12},"end":{"line":320,"column":13},"skip":true},"79":{"start":{"line":318,"column":16},"end":{"line":318,"column":75},"skip":true},"80":{"start":{"line":319,"column":16},"end":{"line":319,"column":23},"skip":true},"81":{"start":{"line":321,"column":12},"end":{"line":321,"column":38},"skip":true},"82":{"start":{"line":322,"column":12},"end":{"line":322,"column":27},"skip":true},"83":{"start":{"line":324,"column":8},"end":{"line":324,"column":14},"skip":true}},"branchMap":{"1":{"line":39,"type":"binary-expr","locations":[{"start":{"line":39,"column":23},"end":{"line":39,"column":62}},{"start":{"line":40,"column":20},"end":{"line":40,"column":70}},{"start":{"line":41,"column":20},"end":{"line":41,"column":71}},{"start":{"line":42,"column":20},"end":{"line":42,"column":29}}]},"2":{"line":44,"type":"binary-expr","locations":[{"start":{"line":44,"column":23},"end":{"line":44,"column":37}},{"start":{"line":45,"column":20},"end":{"line":45,"column":61}},{"start":{"line":46,"column":20},"end":{"line":46,"column":70}},{"start":{"line":47,"column":20},"end":{"line":47,"column":26}}]},"3":{"line":51,"type":"cond-expr","locations":[{"start":{"line":52,"column":14},"end":{"line":52,"column":20}},{"start":{"line":53,"column":14},"end":{"line":53,"column":20}}]},"4":{"line":55,"type":"binary-expr","locations":[{"start":{"line":55,"column":16},"end":{"line":55,"column":44}},{"start":{"line":55,"column":49},"end":{"line":57,"column":43}}]},"5":{"line":55,"type":"cond-expr","locations":[{"start":{"line":56,"column":14},"end":{"line":56,"column":54}},{"start":{"line":57,"column":14},"end":{"line":57,"column":43}}]},"6":{"line":61,"type":"switch","locations":[{"start":{"line":68,"column":4},"end":{"line":150,"column":14},"skip":true},{"start":{"line":156,"column":4},"end":{"line":324,"column":14},"skip":true}]},"7":{"line":70,"type":"if","locations":[{"start":{"line":70,"column":12},"end":{"line":70,"column":12},"skip":true},{"start":{"line":70,"column":12},"end":{"line":70,"column":12},"skip":true}]},"8":{"line":70,"type":"binary-expr","locations":[{"start":{"line":70,"column":16},"end":{"line":70,"column":22},"skip":true},{"start":{"line":70,"column":27},"end":{"line":70,"column":32},"skip":true},{"start":{"line":71,"column":20},"end":{"line":71,"column":39},"skip":true},{"start":{"line":72,"column":20},"end":{"line":72,"column":49},"skip":true},{"start":{"line":73,"column":20},"end":{"line":73,"column":58},"skip":true},{"start":{"line":74,"column":20},"end":{"line":74,"column":69},"skip":true}]},"9":{"line":79,"type":"switch","locations":[{"start":{"line":80,"column":20},"end":{"line":80,"column":33},"skip":true},{"start":{"line":81,"column":20},"end":{"line":83,"column":30},"skip":true},{"start":{"line":84,"column":20},"end":{"line":85,"column":49},"skip":true}]},"10":{"line":89,"type":"switch","locations":[{"start":{"line":90,"column":12},"end":{"line":103,"column":22},"skip":true},{"start":{"line":105,"column":12},"end":{"line":106,"column":22},"skip":true}]},"11":{"line":89,"type":"binary-expr","locations":[{"start":{"line":89,"column":20},"end":{"line":89,"column":25},"skip":true},{"start":{"line":89,"column":29},"end":{"line":89,"column":48},"skip":true},{"start":{"line":89,"column":52},"end":{"line":89,"column":74},"skip":true}]},"12":{"line":92,"type":"if","locations":[{"start":{"line":92,"column":16},"end":{"line":92,"column":16},"skip":true},{"start":{"line":92,"column":16},"end":{"line":92,"column":16},"skip":true}]},"13":{"line":108,"type":"if","locations":[{"start":{"line":108,"column":12},"end":{"line":108,"column":12},"skip":true},{"start":{"line":108,"column":12},"end":{"line":108,"column":12},"skip":true}]},"14":{"line":108,"type":"binary-expr","locations":[{"start":{"line":108,"column":16},"end":{"line":108,"column":61},"skip":true},{"start":{"line":108,"column":66},"end":{"line":108,"column":72},"skip":true},{"start":{"line":108,"column":77},"end":{"line":108,"column":82},"skip":true},{"start":{"line":109,"column":20},"end":{"line":109,"column":39},"skip":true},{"start":{"line":110,"column":20},"end":{"line":110,"column":49},"skip":true},{"start":{"line":111,"column":20},"end":{"line":111,"column":58},"skip":true},{"start":{"line":112,"column":20},"end":{"line":112,"column":68},"skip":true}]},"15":{"line":129,"type":"if","locations":[{"start":{"line":129,"column":16},"end":{"line":129,"column":16},"skip":true},{"start":{"line":129,"column":16},"end":{"line":129,"column":16},"skip":true}]},"16":{"line":134,"type":"cond-expr","locations":[{"start":{"line":135,"column":26},"end":{"line":135,"column":29},"skip":true},{"start":{"line":136,"column":26},"end":{"line":136,"column":54},"skip":true}]},"17":{"line":164,"type":"binary-expr","locations":[{"start":{"line":164,"column":27},"end":{"line":164,"column":43},"skip":true},{"start":{"line":164,"column":47},"end":{"line":164,"column":49},"skip":true}]},"18":{"line":258,"type":"if","locations":[{"start":{"line":258,"column":8},"end":{"line":258,"column":8},"skip":true},{"start":{"line":258,"column":8},"end":{"line":258,"column":8},"skip":true}]},"19":{"line":275,"type":"switch","locations":[{"start":{"line":276,"column":20},"end":{"line":277,"column":64},"skip":true},{"start":{"line":278,"column":20},"end":{"line":279,"column":40},"skip":true},{"start":{"line":280,"column":20},"end":{"line":281,"column":40},"skip":true},{"start":{"line":282,"column":20},"end":{"line":283,"column":39},"skip":true}]},"20":{"line":288,"type":"if","locations":[{"start":{"line":288,"column":8},"end":{"line":288,"column":8},"skip":true},{"start":{"line":288,"column":8},"end":{"line":288,"column":8},"skip":true}]},"21":{"line":288,"type":"binary-expr","locations":[{"start":{"line":288,"column":12},"end":{"line":288,"column":40},"skip":true},{"start":{"line":288,"column":44},"end":{"line":288,"column":67},"skip":true}]},"22":{"line":292,"type":"binary-expr","locations":[{"start":{"line":292,"column":12},"end":{"line":292,"column":50},"skip":true},{"start":{"line":293,"column":12},"end":{"line":293,"column":53},"skip":true}]},"23":{"line":297,"type":"binary-expr","locations":[{"start":{"line":297,"column":12},"end":{"line":297,"column":68},"skip":true},{"start":{"line":298,"column":12},"end":{"line":301,"column":36},"skip":true}]},"24":{"line":303,"type":"binary-expr","locations":[{"start":{"line":303,"column":43},"end":{"line":303,"column":75},"skip":true},{"start":{"line":303,"column":79},"end":{"line":303,"column":81},"skip":true}]},"25":{"line":306,"type":"if","locations":[{"start":{"line":306,"column":8},"end":{"line":306,"column":8},"skip":true},{"start":{"line":306,"column":8},"end":{"line":306,"column":8},"skip":true}]},"26":{"line":310,"type":"if","locations":[{"start":{"line":310,"column":8},"end":{"line":310,"column":8},"skip":true},{"start":{"line":310,"column":8},"end":{"line":310,"column":8},"skip":true}]},"27":{"line":313,"type":"binary-expr","locations":[{"start":{"line":313,"column":27},"end":{"line":313,"column":43},"skip":true},{"start":{"line":313,"column":47},"end":{"line":313,"column":53},"skip":true}]},"28":{"line":317,"type":"if","locations":[{"start":{"line":317,"column":12},"end":{"line":317,"column":12},"skip":true},{"start":{"line":317,"column":12},"end":{"line":317,"column":12},"skip":true}]}},"code":["/*","example.js","","quickstart example","","instruction","    1. save this script as example.js","    2. run the shell command:","        $ npm install npmtest-feedparser && PORT=8081 node example.js","    3. play with the browser-demo on http://127.0.0.1:8081","*/","","","","/* istanbul instrument in package npmtest_feedparser */","/*jslint","    bitwise: true,","    browser: true,","    maxerr: 8,","    maxlen: 96,","    node: true,","    nomen: true,","    regexp: true,","    stupid: true","*/","(function () {","    'use strict';","    var local;","","","","    // run shared js-env code - pre-init","    (function () {","        // init local","        local = {};","        // init modeJs","        local.modeJs = (function () {","            try {","                return typeof navigator.userAgent === 'string' &&","                    typeof document.querySelector('body') === 'object' &&","                    typeof XMLHttpRequest.prototype.open === 'function' &&","                    'browser';","            } catch (errorCaughtBrowser) {","                return module.exports &&","                    typeof process.versions.node === 'string' &&","                    typeof require('http').createServer === 'function' &&","                    'node';","            }","        }());","        // init global","        local.global = local.modeJs === 'browser'","            ? window","            : global;","        // init utility2_rollup","        local = local.global.utility2_rollup || (local.modeJs === 'browser'","            ? local.global.utility2_npmtest_feedparser","            : global.utility2_moduleExports);","        // export local","        local.global.local = local;","    }());","    switch (local.modeJs) {","","","","    // post-init","    // run browser js-env code - post-init","    /* istanbul ignore next */","    case 'browser':","        local.testRunBrowser = function (event) {","            if (!event || (event &&","                    event.currentTarget &&","                    event.currentTarget.className &&","                    event.currentTarget.className.includes &&","                    event.currentTarget.className.includes('onreset'))) {","                // reset output","                Array.from(","                    document.querySelectorAll('body > .resettable')","                ).forEach(function (element) {","                    switch (element.tagName) {","                    case 'INPUT':","                    case 'TEXTAREA':","                        element.value = '';","                        break;","                    default:","                        element.textContent = '';","                    }","                });","            }","            switch (event && event.currentTarget && event.currentTarget.id) {","            case 'testRunButton1':","                // show tests","                if (document.querySelector('#testReportDiv1').style.display === 'none') {","                    document.querySelector('#testReportDiv1').style.display = 'block';","                    document.querySelector('#testRunButton1').textContent =","                        'hide internal test';","                    local.modeTest = true;","                    local.testRunDefault(local);","                // hide tests","                } else {","                    document.querySelector('#testReportDiv1').style.display = 'none';","                    document.querySelector('#testRunButton1').textContent = 'run internal test';","                }","                break;","            // custom-case","            default:","                break;","            }","            if (document.querySelector('#inputTextareaEval1') && (!event || (event &&","                    event.currentTarget &&","                    event.currentTarget.className &&","                    event.currentTarget.className.includes &&","                    event.currentTarget.className.includes('oneval')))) {","                // try to eval input-code","                try {","                    /*jslint evil: true*/","                    eval(document.querySelector('#inputTextareaEval1').value);","                } catch (errorCaught) {","                    console.error(errorCaught);","                }","            }","        };","        // log stderr and stdout to #outputTextareaStdout1","        ['error', 'log'].forEach(function (key) {","            console[key + '_original'] = console[key];","            console[key] = function () {","                var element;","                console[key + '_original'].apply(console, arguments);","                element = document.querySelector('#outputTextareaStdout1');","                if (!element) {","                    return;","                }","                // append text to #outputTextareaStdout1","                element.value += Array.from(arguments).map(function (arg) {","                    return typeof arg === 'string'","                        ? arg","                        : JSON.stringify(arg, null, 4);","                }).join(' ') + '\\n';","                // scroll textarea to bottom","                element.scrollTop = element.scrollHeight;","            };","        });","        // init event-handling","        ['change', 'click', 'keyup'].forEach(function (event) {","            Array.from(document.querySelectorAll('.on' + event)).forEach(function (element) {","                element.addEventListener(event, local.testRunBrowser);","            });","        });","        // run tests","        local.testRunBrowser();","        break;","","","","    // run node js-env code - post-init","    /* istanbul ignore next */","    case 'node':","        // export local","        module.exports = local;","        // require modules","        local.fs = require('fs');","        local.http = require('http');","        local.url = require('url');","        // init assets","        local.assetsDict = local.assetsDict || {};","        /* jslint-ignore-begin */","        local.assetsDict['/assets.index.template.html'] = '\\","<!doctype html>\\n\\","<html lang=\"en\">\\n\\","<head>\\n\\","<meta charset=\"UTF-8\">\\n\\","<meta name=\"viewport\" content=\"width=device-width, initial-scale=1\">\\n\\","<title>{{env.npm_package_name}} (v{{env.npm_package_version}})</title>\\n\\","<style>\\n\\","/*csslint\\n\\","    box-sizing: false,\\n\\","    universal-selector: false\\n\\","*/\\n\\","* {\\n\\","    box-sizing: border-box;\\n\\","}\\n\\","body {\\n\\","    background: #dde;\\n\\","    font-family: Arial, Helvetica, sans-serif;\\n\\","    margin: 2rem;\\n\\","}\\n\\","body > * {\\n\\","    margin-bottom: 1rem;\\n\\","}\\n\\",".utility2FooterDiv {\\n\\","    margin-top: 20px;\\n\\","    text-align: center;\\n\\","}\\n\\","</style>\\n\\","<style>\\n\\","/*csslint\\n\\","*/\\n\\","textarea {\\n\\","    font-family: monospace;\\n\\","    height: 10rem;\\n\\","    width: 100%;\\n\\","}\\n\\","textarea[readonly] {\\n\\","    background: #ddd;\\n\\","}\\n\\","</style>\\n\\","</head>\\n\\","<body>\\n\\","<!-- utility2-comment\\n\\","<div id=\"ajaxProgressDiv1\" style=\"background: #d00; height: 2px; left: 0; margin: 0; padding: 0; position: fixed; top: 0; transition: background 0.5s, width 1.5s; width: 25%;\"></div>\\n\\","utility2-comment -->\\n\\","<h1>\\n\\","<!-- utility2-comment\\n\\","    <a\\n\\","        {{#if env.npm_package_homepage}}\\n\\","        href=\"{{env.npm_package_homepage}}\"\\n\\","        {{/if env.npm_package_homepage}}\\n\\","        target=\"_blank\"\\n\\","    >\\n\\","utility2-comment -->\\n\\","        {{env.npm_package_name}} (v{{env.npm_package_version}})\\n\\","<!-- utility2-comment\\n\\","    </a>\\n\\","utility2-comment -->\\n\\","</h1>\\n\\","<h3>{{env.npm_package_description}}</h3>\\n\\","<!-- utility2-comment\\n\\","<h4><a download href=\"assets.app.js\">download standalone app</a></h4>\\n\\","<button class=\"onclick onreset\" id=\"testRunButton1\">run internal test</button><br>\\n\\","<div id=\"testReportDiv1\" style=\"display: none;\"></div>\\n\\","utility2-comment -->\\n\\","\\n\\","\\n\\","\\n\\","<label>stderr and stdout</label>\\n\\","<textarea class=\"resettable\" id=\"outputTextareaStdout1\" readonly></textarea>\\n\\","<!-- utility2-comment\\n\\","{{#if isRollup}}\\n\\","<script src=\"assets.app.js\"></script>\\n\\","{{#unless isRollup}}\\n\\","utility2-comment -->\\n\\","<script src=\"assets.utility2.rollup.js\"></script>\\n\\","<script src=\"jsonp.utility2._stateInit?callback=window.utility2._stateInit\"></script>\\n\\","<script src=\"assets.npmtest_feedparser.rollup.js\"></script>\\n\\","<script src=\"assets.example.js\"></script>\\n\\","<script src=\"assets.test.js\"></script>\\n\\","<!-- utility2-comment\\n\\","{{/if isRollup}}\\n\\","utility2-comment -->\\n\\","<div class=\"utility2FooterDiv\">\\n\\","    [ this app was created with\\n\\","    <a href=\"https://github.com/kaizhu256/node-utility2\" target=\"_blank\">utility2</a>\\n\\","    ]\\n\\","</div>\\n\\","</body>\\n\\","</html>\\n\\","';","        /* jslint-ignore-end */","        if (local.templateRender) {","            local.assetsDict['/'] = local.templateRender(","                local.assetsDict['/assets.index.template.html'],","                {","                    env: local.objectSetDefault(local.env, {","                        npm_package_description: 'the greatest app in the world!',","                        npm_package_name: 'my-app',","                        npm_package_nameAlias: 'my_app',","                        npm_package_version: '0.0.1'","                    })","                }","            );","        } else {","            local.assetsDict['/'] = local.assetsDict['/assets.index.template.html']","                .replace((/\\{\\{env\\.(\\w+?)\\}\\}/g), function (match0, match1) {","                    // jslint-hack","                    String(match0);","                    switch (match1) {","                    case 'npm_package_description':","                        return 'the greatest app in the world!';","                    case 'npm_package_name':","                        return 'my-app';","                    case 'npm_package_nameAlias':","                        return 'my_app';","                    case 'npm_package_version':","                        return '0.0.1';","                    }","                });","        }","        // run the cli","        if (local.global.utility2_rollup || module !== require.main) {","            break;","        }","        local.assetsDict['/assets.example.js'] =","            local.assetsDict['/assets.example.js'] ||","            local.fs.readFileSync(__filename, 'utf8');","        // bug-workaround - long $npm_package_buildCustomOrg","        /* jslint-ignore-begin */","        local.assetsDict['/assets.npmtest_feedparser.rollup.js'] =","            local.assetsDict['/assets.npmtest_feedparser.rollup.js'] ||","            local.fs.readFileSync(","                local.npmtest_feedparser.__dirname + '/lib.npmtest_feedparser.js',","                'utf8'","            ).replace((/^#!/), '//');","        /* jslint-ignore-end */","        local.assetsDict['/favicon.ico'] = local.assetsDict['/favicon.ico'] || '';","        // if $npm_config_timeout_exit exists,","        // then exit this process after $npm_config_timeout_exit ms","        if (Number(process.env.npm_config_timeout_exit)) {","            setTimeout(process.exit, Number(process.env.npm_config_timeout_exit));","        }","        // start server","        if (local.global.utility2_serverHttp1) {","            break;","        }","        process.env.PORT = process.env.PORT || '8081';","        console.error('server starting on port ' + process.env.PORT);","        local.http.createServer(function (request, response) {","            request.urlParsed = local.url.parse(request.url);","            if (local.assetsDict[request.urlParsed.pathname] !== undefined) {","                response.end(local.assetsDict[request.urlParsed.pathname]);","                return;","            }","            response.statusCode = 404;","            response.end();","        }).listen(process.env.PORT);","        break;","    }","}());",""],"l":{"26":2,"28":2,"33":2,"35":2,"37":2,"38":2,"39":2,"44":1,"51":2,"55":2,"59":2,"61":2,"69":1,"70":2,"76":2,"79":2,"82":2,"83":2,"85":1,"89":2,"92":1,"93":1,"94":1,"96":1,"97":1,"100":1,"101":1,"103":1,"106":1,"108":2,"114":1,"116":1,"118":1,"123":1,"124":2,"125":2,"126":3,"127":3,"128":3,"129":3,"130":1,"133":3,"134":3,"139":3,"143":1,"144":3,"145":1,"149":1,"150":1,"158":1,"160":1,"161":1,"162":1,"164":1,"166":1,"258":1,"259":1,"271":1,"274":6,"275":6,"277":1,"279":2,"281":1,"283":2,"288":1,"289":1,"291":1,"296":1,"303":1,"306":1,"307":1,"310":1,"311":1,"313":1,"314":1,"315":1,"316":1,"317":1,"318":1,"319":1,"321":1,"322":1,"324":1}},"/home/travis/build/npmtest/node-npmtest-feedparser/node_modules/feedparser/index.js":{"path":"/home/travis/build/npmtest/node-npmtest-feedparser/node_modules/feedparser/index.js","s":{"1":1},"b":{},"f":{},"fnMap":{},"statementMap":{"1":{"start":{"line":1,"column":0},"end":{"line":1,"column":45}}},"branchMap":{},"code":["module.exports = require('./lib/feedparser');",""],"l":{"1":1}},"/home/travis/build/npmtest/node-npmtest-feedparser/node_modules/feedparser/lib/feedparser/index.js":{"path":"/home/travis/build/npmtest/node-npmtest-feedparser/node_modules/feedparser/lib/feedparser/index.js","s":{"1":1,"2":1,"3":1,"4":0,"5":1,"6":1,"7":1,"8":1,"9":1,"10":1,"11":1,"12":1,"13":1,"14":1,"15":1,"16":1,"17":1,"18":1,"19":0,"20":1,"21":1,"22":0,"23":1,"24":1,"25":1,"26":1,"27":1,"28":1,"29":1,"30":1,"31":1,"32":1,"33":1,"34":1,"35":1,"36":1,"37":1,"38":1,"39":1,"40":1,"41":0,"42":0,"43":0,"44":0,"45":1,"46":0,"47":0,"48":0,"49":1,"50":0,"51":0,"52":0,"53":1,"54":0,"55":1,"56":0,"57":0,"58":0,"59":0,"60":0,"61":0,"62":1,"63":0,"64":0,"65":0,"66":0,"67":0,"68":0,"69":0,"70":0,"71":0,"72":0,"73":0,"74":0,"75":0,"76":0,"77":0,"78":0,"79":0,"80":0,"81":0,"82":0,"83":0,"84":0,"85":0,"86":0,"87":0,"88":0,"89":0,"90":0,"91":0,"92":0,"93":0,"94":1,"95":0,"96":0,"97":0,"98":0,"99":0,"100":0,"101":0,"102":0,"103":0,"104":0,"105":0,"106":0,"107":0,"108":0,"109":0,"110":0,"111":0,"112":0,"113":0,"114":0,"115":0,"116":0,"117":0,"118":0,"119":0,"120":0,"121":0,"122":0,"123":0,"124":0,"125":0,"126":0,"127":0,"128":0,"129":0,"130":0,"131":0,"132":0,"133":0,"134":0,"135":0,"136":0,"137":0,"138":0,"139":0,"140":0,"141":0,"142":0,"143":0,"144":0,"145":0,"146":0,"147":0,"148":0,"149":0,"150":0,"151":0,"152":0,"153":0,"154":0,"155":0,"156":0,"157":0,"158":0,"159":0,"160":0,"161":0,"162":0,"163":0,"164":0,"165":0,"166":1,"167":0,"168":0,"169":0,"170":0,"171":0,"172":0,"173":1,"174":0,"175":0,"176":0,"177":0,"178":0,"179":0,"180":0,"181":0,"182":0,"183":0,"184":0,"185":0,"186":0,"187":0,"188":0,"189":0,"190":0,"191":0,"192":0,"193":0,"194":0,"195":1,"196":0,"197":0,"198":0,"199":0,"200":0,"201":0,"202":0,"203":0,"204":0,"205":0,"206":0,"207":0,"208":0,"209":0,"210":0,"211":0,"212":0,"213":0,"214":0,"215":0,"216":0,"217":0,"218":0,"219":0,"220":0,"221":0,"222":0,"223":0,"224":0,"225":0,"226":0,"227":0,"228":0,"229":0,"230":0,"231":0,"232":0,"233":0,"234":0,"235":0,"236":0,"237":0,"238":0,"239":0,"240":0,"241":0,"242":0,"243":0,"244":0,"245":0,"246":0,"247":0,"248":0,"249":0,"250":0,"251":0,"252":0,"253":0,"254":0,"255":0,"256":0,"257":0,"258":0,"259":0,"260":0,"261":0,"262":0,"263":0,"264":0,"265":0,"266":0,"267":0,"268":0,"269":0,"270":0,"271":0,"272":0,"273":0,"274":0,"275":0,"276":0,"277":0,"278":0,"279":0,"280":0,"281":0,"282":0,"283":0,"284":0,"285":0,"286":0,"287":0,"288":0,"289":0,"290":0,"291":0,"292":0,"293":0,"294":0,"295":0,"296":0,"297":0,"298":0,"299":0,"300":0,"301":0,"302":0,"303":0,"304":0,"305":0,"306":0,"307":0,"308":0,"309":0,"310":0,"311":0,"312":0,"313":0,"314":0,"315":0,"316":0,"317":0,"318":0,"319":0,"320":0,"321":0,"322":0,"323":0,"324":0,"325":0,"326":0,"327":0,"328":0,"329":0,"330":0,"331":0,"332":0,"333":0,"334":0,"335":0,"336":0,"337":0,"338":0,"339":0,"340":0,"341":0,"342":0,"343":0,"344":0,"345":0,"346":0,"347":0,"348":0,"349":0,"350":0,"351":0,"352":0,"353":0,"354":0,"355":0,"356":0,"357":0,"358":0,"359":0,"360":0,"361":0,"362":0,"363":0,"364":0,"365":0,"366":0,"367":0,"368":0,"369":0,"370":0,"371":0,"372":0,"373":0,"374":0,"375":0,"376":0,"377":0,"378":0,"379":0,"380":0,"381":0,"382":0,"383":0,"384":0,"385":0,"386":0,"387":0,"388":0,"389":0,"390":0,"391":0,"392":0,"393":0,"394":0,"395":0,"396":0,"397":0,"398":0,"399":0,"400":0,"401":0,"402":0,"403":0,"404":0,"405":0,"406":0,"407":0,"408":0,"409":0,"410":0,"411":0,"412":0,"413":0,"414":0,"415":0,"416":0,"417":0,"418":0,"419":0,"420":1,"421":0,"422":0,"423":0,"424":0,"425":0,"426":0,"427":0,"428":0,"429":0,"430":0,"431":0,"432":0,"433":0,"434":0,"435":0,"436":0,"437":0,"438":0,"439":0,"440":0,"441":0,"442":0,"443":0,"444":0,"445":0,"446":0,"447":0,"448":0,"449":0,"450":0,"451":0,"452":0,"453":0,"454":0,"455":0,"456":0,"457":0,"458":0,"459":0,"460":0,"461":0,"462":0,"463":0,"464":0,"465":0,"466":0,"467":0,"468":0,"469":0,"470":0,"471":0,"472":0,"473":0,"474":0,"475":0,"476":0,"477":0,"478":0,"479":0,"480":0,"481":0,"482":0,"483":0,"484":0,"485":0,"486":0,"487":0,"488":0,"489":0,"490":0,"491":0,"492":0,"493":0,"494":0,"495":0,"496":0,"497":0,"498":0,"499":0,"500":0,"501":0,"502":0,"503":0,"504":0,"505":0,"506":0,"507":0,"508":0,"509":0,"510":0,"511":0,"512":0,"513":0,"514":0,"515":0,"516":0,"517":0,"518":0,"519":0,"520":0,"521":0,"522":0,"523":0,"524":0,"525":0,"526":0,"527":0,"528":0,"529":0,"530":0,"531":0,"532":0,"533":0,"534":0,"535":0,"536":0,"537":0,"538":0,"539":0,"540":0,"541":0,"542":0,"543":0,"544":0,"545":0,"546":0,"547":0,"548":0,"549":0,"550":0,"551":0,"552":0,"553":0,"554":0,"555":0,"556":0,"557":0,"558":0,"559":0,"560":0,"561":0,"562":0,"563":0,"564":0,"565":0,"566":0,"567":0,"568":0,"569":0,"570":0,"571":0,"572":0,"573":0,"574":0,"575":0,"576":0,"577":0,"578":0,"579":0,"580":0,"581":0,"582":0,"583":0,"584":0,"585":0,"586":0,"587":0,"588":0,"589":0,"590":0,"591":0,"592":0,"593":0,"594":0,"595":0,"596":0,"597":0,"598":0,"599":0,"600":0,"601":0,"602":0,"603":0,"604":0,"605":0,"606":0,"607":0,"608":0,"609":0,"610":0,"611":0,"612":0,"613":0,"614":0,"615":0,"616":0,"617":0,"618":0,"619":0,"620":0,"621":0,"622":0,"623":0,"624":0,"625":0,"626":0,"627":0,"628":0,"629":0,"630":0,"631":0,"632":0,"633":0,"634":0,"635":0,"636":0,"637":0,"638":0,"639":0,"640":0,"641":0,"642":0,"643":0,"644":0,"645":0,"646":0,"647":0,"648":0,"649":0,"650":0,"651":0,"652":0,"653":0,"654":0,"655":0,"656":0,"657":0,"658":0,"659":0,"660":0,"661":0,"662":0,"663":0,"664":0,"665":0,"666":1,"667":0,"668":0,"669":0,"670":0,"671":0,"672":1,"673":0,"674":0,"675":0,"676":0,"677":1},"b":{"1":[0,1],"2":[1,0],"3":[1,0],"4":[1,0],"5":[1,0],"6":[0,1],"7":[0,1],"8":[0,0],"9":[0,0],"10":[0,0],"11":[0,0],"12":[0,0],"13":[0,0],"14":[0,0,0],"15":[0,0],"16":[0,0],"17":[0,0],"18":[0,0],"19":[0,0,0,0,0,0],"20":[0,0],"21":[0,0,0],"22":[0,0],"23":[0,0],"24":[0,0],"25":[0,0],"26":[0,0],"27":[0,0],"28":[0,0],"29":[0,0],"30":[0,0],"31":[0,0],"32":[0,0],"33":[0,0,0,0],"34":[0,0],"35":[0,0],"36":[0,0],"37":[0,0],"38":[0,0],"39":[0,0],"40":[0,0],"41":[0,0],"42":[0,0],"43":[0,0],"44":[0,0,0,0,0,0,0,0],"45":[0,0],"46":[0,0],"47":[0,0],"48":[0,0,0],"49":[0,0],"50":[0,0],"51":[0,0],"52":[0,0],"53":[0,0,0,0,0,0,0,0,0],"54":[0,0],"55":[0,0],"56":[0,0],"57":[0,0,0],"58":[0,0],"59":[0,0,0],"60":[0,0],"61":[0,0],"62":[0,0],"63":[0,0],"64":[0,0],"65":[0,0],"66":[0,0],"67":[0,0],"68":[0,0],"69":[0,0],"70":[0,0],"71":[0,0,0,0],"72":[0,0],"73":[0,0],"74":[0,0],"75":[0,0,0,0],"76":[0,0],"77":[0,0],"78":[0,0],"79":[0,0],"80":[0,0],"81":[0,0],"82":[0,0],"83":[0,0],"84":[0,0,0],"85":[0,0],"86":[0,0],"87":[0,0,0,0,0,0,0,0,0,0,0,0,0,0,0,0,0,0,0,0,0,0,0,0,0,0,0,0],"88":[0,0],"89":[0,0],"90":[0,0],"91":[0,0,0],"92":[0,0],"93":[0,0,0,0],"94":[0,0],"95":[0,0],"96":[0,0],"97":[0,0],"98":[0,0],"99":[0,0],"100":[0,0],"101":[0,0],"102":[0,0],"103":[0,0],"104":[0,0],"105":[0,0],"106":[0,0],"107":[0,0],"108":[0,0,0],"109":[0,0],"110":[0,0],"111":[0,0],"112":[0,0],"113":[0,0],"114":[0,0],"115":[0,0],"116":[0,0],"117":[0,0],"118":[0,0],"119":[0,0],"120":[0,0],"121":[0,0],"122":[0,0,0],"123":[0,0],"124":[0,0,0],"125":[0,0],"126":[0,0],"127":[0,0],"128":[0,0],"129":[0,0,0],"130":[0,0],"131":[0,0],"132":[0,0],"133":[0,0],"134":[0,0],"135":[0,0],"136":[0,0],"137":[0,0],"138":[0,0],"139":[0,0],"140":[0,0],"141":[0,0],"142":[0,0],"143":[0,0],"144":[0,0],"145":[0,0],"146":[0,0],"147":[0,0],"148":[0,0],"149":[0,0],"150":[0,0],"151":[0,0],"152":[0,0],"153":[0,0],"154":[0,0],"155":[0,0],"156":[0,0],"157":[0,0],"158":[0,0],"159":[0,0],"160":[0,0],"161":[0,0],"162":[0,0],"163":[0,0],"164":[0,0],"165":[0,0],"166":[0,0],"167":[0,0],"168":[0,0],"169":[0,0],"170":[0,0],"171":[0,0],"172":[0,0],"173":[0,0],"174":[0,0],"175":[0,0],"176":[0,0],"177":[0,0],"178":[0,0],"179":[0,0],"180":[0,0],"181":[0,0],"182":[0,0],"183":[0,0],"184":[0,0],"185":[0,0],"186":[0,0],"187":[0,0],"188":[0,0],"189":[0,0],"190":[0,0],"191":[0,0],"192":[0,0],"193":[0,0],"194":[0,0],"195":[0,0],"196":[0,0],"197":[0,0],"198":[0,0],"199":[0,0],"200":[0,0],"201":[0,0],"202":[0,0],"203":[0,0],"204":[0,0],"205":[0,0],"206":[0,0],"207":[0,0],"208":[0,0],"209":[0,0],"210":[0,0],"211":[0,0,0],"212":[0,0],"213":[0,0],"214":[0,0],"215":[0,0],"216":[0,0],"217":[0,0,0],"218":[0,0],"219":[0,0],"220":[0,0],"221":[0,0],"222":[0,0],"223":[0,0,0],"224":[0,0],"225":[0,0],"226":[0,0],"227":[0,0],"228":[0,0],"229":[0,0],"230":[0,0,0],"231":[0,0],"232":[0,0],"233":[0,0,0,0,0,0,0,0,0,0,0,0,0,0,0,0,0,0,0,0,0,0,0,0,0,0,0],"234":[0,0],"235":[0,0],"236":[0,0],"237":[0,0],"238":[0,0,0,0],"239":[0,0],"240":[0,0,0],"241":[0,0],"242":[0,0],"243":[0,0],"244":[0,0],"245":[0,0],"246":[0,0,0,0],"247":[0,0],"248":[0,0,0,0],"249":[0,0],"250":[0,0],"251":[0,0],"252":[0,0],"253":[0,0],"254":[0,0],"255":[0,0],"256":[0,0],"257":[0,0],"258":[0,0,0,0],"259":[0,0],"260":[0,0,0,0],"261":[0,0],"262":[0,0],"263":[0,0],"264":[0,0],"265":[0,0],"266":[0,0],"267":[0,0],"268":[0,0,0,0],"269":[0,0],"270":[0,0],"271":[0,0],"272":[0,0],"273":[0,0,0],"274":[0,0],"275":[0,0],"276":[0,0],"277":[0,0],"278":[0,0],"279":[0,0],"280":[0,0],"281":[0,0],"282":[0,0],"283":[0,0],"284":[0,0],"285":[0,0],"286":[0,0],"287":[0,0],"288":[0,0],"289":[0,0],"290":[0,0],"291":[0,0],"292":[0,0],"293":[0,0],"294":[0,0],"295":[0,0],"296":[0,0],"297":[0,0],"298":[0,0],"299":[0,0],"300":[0,0],"301":[0,0],"302":[0,0],"303":[0,0],"304":[0,0,0],"305":[0,0],"306":[0,0],"307":[0,0],"308":[0,0],"309":[0,0],"310":[0,0],"311":[0,0],"312":[0,0],"313":[0,0],"314":[0,0],"315":[0,0],"316":[0,0],"317":[0,0],"318":[0,0],"319":[0,0],"320":[0,0],"321":[0,0],"322":[0,0,0],"323":[0,0],"324":[0,0],"325":[0,0],"326":[0,0],"327":[0,0],"328":[0,0],"329":[0,0],"330":[0,0],"331":[0,0],"332":[0,0],"333":[0,0],"334":[0,0],"335":[0,0],"336":[0,0],"337":[0,0],"338":[0,0],"339":[0,0],"340":[0,0],"341":[0,0],"342":[0,0],"343":[0,0],"344":[0,0],"345":[0,0],"346":[0,0],"347":[0,0],"348":[0,0],"349":[0,0],"350":[0,0],"351":[0,0],"352":[0,0],"353":[0,0],"354":[0,0],"355":[0,0],"356":[0,0,0],"357":[0,0],"358":[0,0],"359":[0,0],"360":[0,0],"361":[0,0],"362":[0,0]},"f":{"1":1,"2":1,"3":0,"4":0,"5":0,"6":0,"7":0,"8":0,"9":0,"10":0,"11":0,"12":0,"13":0,"14":0,"15":0,"16":0,"17":0,"18":0,"19":0,"20":0,"21":0,"22":0,"23":0,"24":0,"25":0,"26":0,"27":0,"28":0,"29":0,"30":0,"31":0,"32":0,"33":0,"34":0,"35":0,"36":0,"37":0,"38":0,"39":0,"40":0,"41":0},"fnMap":{"1":{"name":"FeedParser","line":61,"loc":{"start":{"line":61,"column":0},"end":{"line":61,"column":30}}},"2":{"name":"(anonymous_2)","line":99,"loc":{"start":{"line":99,"column":28},"end":{"line":99,"column":39}}},"3":{"name":"(anonymous_3)","line":115,"loc":{"start":{"line":115,"column":33},"end":{"line":115,"column":44}}},"4":{"name":"(anonymous_4)","line":125,"loc":{"start":{"line":125,"column":38},"end":{"line":125,"column":51}}},"5":{"name":"(anonymous_5)","line":132,"loc":{"start":{"line":132,"column":38},"end":{"line":132,"column":50}}},"6":{"name":"(anonymous_6)","line":139,"loc":{"start":{"line":139,"column":35},"end":{"line":139,"column":47}}},"7":{"name":"(anonymous_7)","line":145,"loc":{"start":{"line":145,"column":51},"end":{"line":145,"column":67}}},"8":{"name":"(anonymous_8)","line":147,"loc":{"start":{"line":147,"column":61},"end":{"line":147,"column":82}}},"9":{"name":"(anonymous_9)","line":157,"loc":{"start":{"line":157,"column":37},"end":{"line":157,"column":52}}},"10":{"name":"(anonymous_10)","line":173,"loc":{"start":{"line":173,"column":32},"end":{"line":173,"column":46}}},"11":{"name":"(anonymous_11)","line":181,"loc":{"start":{"line":181,"column":32},"end":{"line":181,"column":47}}},"12":{"name":"(anonymous_12)","line":206,"loc":{"start":{"line":206,"column":38},"end":{"line":206,"column":51}}},"13":{"name":"(anonymous_13)","line":335,"loc":{"start":{"line":335,"column":34},"end":{"line":335,"column":49}}},"14":{"name":"handleAttributes","line":349,"loc":{"start":{"line":349,"column":40},"end":{"line":349,"column":78}}},"15":{"name":"(anonymous_15)","line":369,"loc":{"start":{"line":369,"column":29},"end":{"line":369,"column":42}}},"16":{"name":"handleMeta","line":402,"loc":{"start":{"line":402,"column":34},"end":{"line":402,"column":76}}},"17":{"name":"(anonymous_17)","line":410,"loc":{"start":{"line":410,"column":146},"end":{"line":410,"column":165}}},"18":{"name":"(anonymous_18)","line":418,"loc":{"start":{"line":418,"column":28},"end":{"line":418,"column":42}}},"19":{"name":"(anonymous_19)","line":447,"loc":{"start":{"line":447,"column":21},"end":{"line":447,"column":36}}},"20":{"name":"(anonymous_20)","line":530,"loc":{"start":{"line":530,"column":42},"end":{"line":530,"column":58}}},"21":{"name":"(anonymous_21)","line":537,"loc":{"start":{"line":537,"column":39},"end":{"line":537,"column":55}}},"22":{"name":"(anonymous_22)","line":583,"loc":{"start":{"line":583,"column":21},"end":{"line":583,"column":40}}},"23":{"name":"(anonymous_23)","line":596,"loc":{"start":{"line":596,"column":58},"end":{"line":596,"column":72}}},"24":{"name":"(anonymous_24)","line":605,"loc":{"start":{"line":605,"column":41},"end":{"line":605,"column":63}}},"25":{"name":"(anonymous_25)","line":636,"loc":{"start":{"line":636,"column":51},"end":{"line":636,"column":65}}},"26":{"name":"(anonymous_26)","line":645,"loc":{"start":{"line":645,"column":33},"end":{"line":645,"column":55}}},"27":{"name":"handleItem","line":737,"loc":{"start":{"line":737,"column":34},"end":{"line":737,"column":75}}},"28":{"name":"(anonymous_28)","line":745,"loc":{"start":{"line":745,"column":119},"end":{"line":745,"column":138}}},"29":{"name":"(anonymous_29)","line":754,"loc":{"start":{"line":754,"column":28},"end":{"line":754,"column":42}}},"30":{"name":"(anonymous_30)","line":787,"loc":{"start":{"line":787,"column":21},"end":{"line":787,"column":36}}},"31":{"name":"(anonymous_31)","line":893,"loc":{"start":{"line":893,"column":21},"end":{"line":893,"column":35}}},"32":{"name":"(anonymous_32)","line":919,"loc":{"start":{"line":919,"column":21},"end":{"line":919,"column":35}}},"33":{"name":"(anonymous_33)","line":928,"loc":{"start":{"line":928,"column":39},"end":{"line":928,"column":60}}},"34":{"name":"(anonymous_34)","line":946,"loc":{"start":{"line":946,"column":37},"end":{"line":946,"column":58}}},"35":{"name":"(anonymous_35)","line":969,"loc":{"start":{"line":969,"column":21},"end":{"line":969,"column":40}}},"36":{"name":"(anonymous_36)","line":975,"loc":{"start":{"line":975,"column":59},"end":{"line":975,"column":73}}},"37":{"name":"(anonymous_37)","line":981,"loc":{"start":{"line":981,"column":41},"end":{"line":981,"column":63}}},"38":{"name":"(anonymous_38)","line":1001,"loc":{"start":{"line":1001,"column":51},"end":{"line":1001,"column":65}}},"39":{"name":"(anonymous_39)","line":1007,"loc":{"start":{"line":1007,"column":33},"end":{"line":1007,"column":55}}},"40":{"name":"(anonymous_40)","line":1074,"loc":{"start":{"line":1074,"column":34},"end":{"line":1074,"column":66}}},"41":{"name":"(anonymous_41)","line":1085,"loc":{"start":{"line":1085,"column":30},"end":{"line":1085,"column":46}}}},"statementMap":{"1":{"start":{"line":12,"column":0},"end":{"line":17,"column":28}},"2":{"start":{"line":61,"column":0},"end":{"line":91,"column":1}},"3":{"start":{"line":62,"column":2},"end":{"line":62,"column":68}},"4":{"start":{"line":62,"column":37},"end":{"line":62,"column":68}},"5":{"start":{"line":63,"column":2},"end":{"line":63,"column":29}},"6":{"start":{"line":64,"column":2},"end":{"line":64,"column":40}},"7":{"start":{"line":65,"column":2},"end":{"line":65,"column":41}},"8":{"start":{"line":67,"column":2},"end":{"line":67,"column":14}},"9":{"start":{"line":70,"column":2},"end":{"line":70,"column":39}},"10":{"start":{"line":71,"column":2},"end":{"line":71,"column":63}},"11":{"start":{"line":71,"column":35},"end":{"line":71,"column":63}},"12":{"start":{"line":72,"column":2},"end":{"line":72,"column":68}},"13":{"start":{"line":72,"column":38},"end":{"line":72,"column":68}},"14":{"start":{"line":73,"column":2},"end":{"line":73,"column":64}},"15":{"start":{"line":73,"column":36},"end":{"line":73,"column":64}},"16":{"start":{"line":74,"column":2},"end":{"line":74,"column":80}},"17":{"start":{"line":74,"column":44},"end":{"line":74,"column":80}},"18":{"start":{"line":75,"column":2},"end":{"line":79,"column":3}},"19":{"start":{"line":76,"column":4},"end":{"line":76,"column":59}},"20":{"start":{"line":78,"column":4},"end":{"line":78,"column":45}},"21":{"start":{"line":80,"column":2},"end":{"line":80,"column":95}},"22":{"start":{"line":80,"column":28},"end":{"line":80,"column":95}},"23":{"start":{"line":83,"column":2},"end":{"line":83,"column":121}},"24":{"start":{"line":84,"column":2},"end":{"line":84,"column":58}},"25":{"start":{"line":85,"column":2},"end":{"line":85,"column":87}},"26":{"start":{"line":86,"column":2},"end":{"line":86,"column":59}},"27":{"start":{"line":87,"column":2},"end":{"line":87,"column":60}},"28":{"start":{"line":88,"column":2},"end":{"line":88,"column":53}},"29":{"start":{"line":89,"column":2},"end":{"line":89,"column":54}},"30":{"start":{"line":90,"column":2},"end":{"line":90,"column":51}},"31":{"start":{"line":92,"column":0},"end":{"line":92,"column":43}},"32":{"start":{"line":99,"column":0},"end":{"line":113,"column":2}},"33":{"start":{"line":100,"column":2},"end":{"line":104,"column":4}},"34":{"start":{"line":105,"column":2},"end":{"line":105,"column":29}},"35":{"start":{"line":106,"column":2},"end":{"line":106,"column":18}},"36":{"start":{"line":107,"column":2},"end":{"line":107,"column":20}},"37":{"start":{"line":108,"column":2},"end":{"line":108,"column":24}},"38":{"start":{"line":109,"column":2},"end":{"line":109,"column":18}},"39":{"start":{"line":112,"column":2},"end":{"line":112,"column":19}},"40":{"start":{"line":115,"column":0},"end":{"line":123,"column":2}},"41":{"start":{"line":118,"column":2},"end":{"line":121,"column":3}},"42":{"start":{"line":119,"column":4},"end":{"line":119,"column":36}},"43":{"start":{"line":120,"column":4},"end":{"line":120,"column":31}},"44":{"start":{"line":122,"column":2},"end":{"line":122,"column":18}},"45":{"start":{"line":125,"column":0},"end":{"line":130,"column":2}},"46":{"start":{"line":126,"column":2},"end":{"line":126,"column":24}},"47":{"start":{"line":127,"column":2},"end":{"line":129,"column":3}},"48":{"start":{"line":128,"column":4},"end":{"line":128,"column":26}},"49":{"start":{"line":132,"column":0},"end":{"line":137,"column":2}},"50":{"start":{"line":133,"column":2},"end":{"line":136,"column":3}},"51":{"start":{"line":134,"column":4},"end":{"line":134,"column":37}},"52":{"start":{"line":135,"column":4},"end":{"line":135,"column":33}},"53":{"start":{"line":139,"column":0},"end":{"line":141,"column":2}},"54":{"start":{"line":140,"column":2},"end":{"line":140,"column":24}},"55":{"start":{"line":145,"column":0},"end":{"line":155,"column":2}},"56":{"start":{"line":146,"column":2},"end":{"line":154,"column":3}},"57":{"start":{"line":147,"column":4},"end":{"line":153,"column":26}},"58":{"start":{"line":148,"column":6},"end":{"line":151,"column":7}},"59":{"start":{"line":149,"column":8},"end":{"line":149,"column":36}},"60":{"start":{"line":150,"column":8},"end":{"line":150,"column":90}},"61":{"start":{"line":152,"column":6},"end":{"line":152,"column":17}},"62":{"start":{"line":157,"column":0},"end":{"line":204,"column":2}},"63":{"start":{"line":158,"column":2},"end":{"line":158,"column":13}},"64":{"start":{"line":159,"column":2},"end":{"line":159,"column":25}},"65":{"start":{"line":160,"column":2},"end":{"line":160,"column":29}},"66":{"start":{"line":161,"column":2},"end":{"line":161,"column":27}},"67":{"start":{"line":162,"column":2},"end":{"line":162,"column":23}},"68":{"start":{"line":163,"column":2},"end":{"line":163,"column":14}},"69":{"start":{"line":164,"column":2},"end":{"line":164,"column":14}},"70":{"start":{"line":166,"column":2},"end":{"line":168,"column":3}},"71":{"start":{"line":167,"column":4},"end":{"line":167,"column":64}},"72":{"start":{"line":170,"column":2},"end":{"line":202,"column":3}},"73":{"start":{"line":172,"column":4},"end":{"line":172,"column":38}},"74":{"start":{"line":173,"column":4},"end":{"line":175,"column":13}},"75":{"start":{"line":174,"column":6},"end":{"line":174,"column":61}},"76":{"start":{"line":176,"column":4},"end":{"line":176,"column":27}},"77":{"start":{"line":177,"column":9},"end":{"line":202,"column":3}},"78":{"start":{"line":181,"column":4},"end":{"line":187,"column":13}},"79":{"start":{"line":182,"column":6},"end":{"line":182,"column":17}},"80":{"start":{"line":183,"column":6},"end":{"line":186,"column":7}},"81":{"start":{"line":184,"column":8},"end":{"line":184,"column":31}},"82":{"start":{"line":185,"column":8},"end":{"line":185,"column":31}},"83":{"start":{"line":188,"column":4},"end":{"line":201,"column":5}},"84":{"start":{"line":190,"column":6},"end":{"line":190,"column":33}},"85":{"start":{"line":191,"column":6},"end":{"line":191,"column":48}},"86":{"start":{"line":192,"column":6},"end":{"line":192,"column":12}},"87":{"start":{"line":194,"column":6},"end":{"line":194,"column":33}},"88":{"start":{"line":195,"column":6},"end":{"line":195,"column":57}},"89":{"start":{"line":196,"column":6},"end":{"line":196,"column":12}},"90":{"start":{"line":198,"column":6},"end":{"line":198,"column":34}},"91":{"start":{"line":199,"column":6},"end":{"line":199,"column":57}},"92":{"start":{"line":200,"column":6},"end":{"line":200,"column":12}},"93":{"start":{"line":203,"column":2},"end":{"line":203,"column":24}},"94":{"start":{"line":206,"column":0},"end":{"line":333,"column":2}},"95":{"start":{"line":207,"column":2},"end":{"line":213,"column":5}},"96":{"start":{"line":214,"column":2},"end":{"line":214,"column":29}},"97":{"start":{"line":215,"column":2},"end":{"line":215,"column":21}},"98":{"start":{"line":217,"column":2},"end":{"line":233,"column":3}},"99":{"start":{"line":218,"column":4},"end":{"line":229,"column":5}},"100":{"start":{"line":219,"column":6},"end":{"line":219,"column":30}},"101":{"start":{"line":220,"column":6},"end":{"line":220,"column":45}},"102":{"start":{"line":221,"column":6},"end":{"line":221,"column":29}},"103":{"start":{"line":222,"column":11},"end":{"line":229,"column":5}},"104":{"start":{"line":223,"column":6},"end":{"line":223,"column":30}},"105":{"start":{"line":224,"column":6},"end":{"line":224,"column":45}},"106":{"start":{"line":225,"column":6},"end":{"line":225,"column":28}},"107":{"start":{"line":227,"column":6},"end":{"line":227,"column":62}},"108":{"start":{"line":228,"column":6},"end":{"line":228,"column":45}},"109":{"start":{"line":231,"column":4},"end":{"line":231,"column":35}},"110":{"start":{"line":232,"column":4},"end":{"line":232,"column":58}},"111":{"start":{"line":234,"column":2},"end":{"line":234,"column":20}},"112":{"start":{"line":235,"column":2},"end":{"line":235,"column":21}},"113":{"start":{"line":236,"column":2},"end":{"line":236,"column":22}},"114":{"start":{"line":237,"column":2},"end":{"line":237,"column":19}},"115":{"start":{"line":239,"column":2},"end":{"line":241,"column":3}},"116":{"start":{"line":240,"column":4},"end":{"line":240,"column":35}},"117":{"start":{"line":243,"column":2},"end":{"line":247,"column":3}},"118":{"start":{"line":246,"column":4},"end":{"line":246,"column":40}},"119":{"start":{"line":249,"column":2},"end":{"line":251,"column":3}},"120":{"start":{"line":250,"column":4},"end":{"line":250,"column":30}},"121":{"start":{"line":253,"column":2},"end":{"line":269,"column":3}},"122":{"start":{"line":254,"column":4},"end":{"line":268,"column":5}},"123":{"start":{"line":257,"column":6},"end":{"line":257,"column":39}},"124":{"start":{"line":259,"column":6},"end":{"line":263,"column":7}},"125":{"start":{"line":260,"column":8},"end":{"line":262,"column":9}},"126":{"start":{"line":261,"column":10},"end":{"line":261,"column":24}},"127":{"start":{"line":264,"column":6},"end":{"line":264,"column":22}},"128":{"start":{"line":265,"column":6},"end":{"line":265,"column":28}},"129":{"start":{"line":267,"column":6},"end":{"line":267,"column":52}},"130":{"start":{"line":271,"column":2},"end":{"line":282,"column":3}},"131":{"start":{"line":272,"column":4},"end":{"line":281,"column":5}},"132":{"start":{"line":274,"column":6},"end":{"line":274,"column":20}},"133":{"start":{"line":276,"column":6},"end":{"line":276,"column":29}},"134":{"start":{"line":277,"column":6},"end":{"line":280,"column":7}},"135":{"start":{"line":279,"column":8},"end":{"line":279,"column":19}},"136":{"start":{"line":284,"column":2},"end":{"line":315,"column":3}},"137":{"start":{"line":289,"column":4},"end":{"line":295,"column":5}},"138":{"start":{"line":290,"column":6},"end":{"line":290,"column":92}},"139":{"start":{"line":291,"column":6},"end":{"line":294,"column":7}},"140":{"start":{"line":292,"column":8},"end":{"line":292,"column":37}},"141":{"start":{"line":293,"column":8},"end":{"line":293,"column":34}},"142":{"start":{"line":296,"column":4},"end":{"line":298,"column":5}},"143":{"start":{"line":297,"column":6},"end":{"line":297,"column":47}},"144":{"start":{"line":299,"column":4},"end":{"line":299,"column":64}},"145":{"start":{"line":300,"column":4},"end":{"line":302,"column":5}},"146":{"start":{"line":301,"column":6},"end":{"line":301,"column":28}},"147":{"start":{"line":303,"column":4},"end":{"line":303,"column":73}},"148":{"start":{"line":303,"column":42},"end":{"line":303,"column":73}},"149":{"start":{"line":304,"column":4},"end":{"line":304,"column":20}},"150":{"start":{"line":305,"column":9},"end":{"line":315,"column":3}},"151":{"start":{"line":310,"column":4},"end":{"line":310,"column":78}},"152":{"start":{"line":311,"column":4},"end":{"line":314,"column":5}},"153":{"start":{"line":312,"column":6},"end":{"line":312,"column":35}},"154":{"start":{"line":313,"column":6},"end":{"line":313,"column":32}},"155":{"start":{"line":317,"column":2},"end":{"line":332,"column":3}},"156":{"start":{"line":318,"column":4},"end":{"line":324,"column":5}},"157":{"start":{"line":319,"column":6},"end":{"line":319,"column":53}},"158":{"start":{"line":320,"column":11},"end":{"line":324,"column":5}},"159":{"start":{"line":321,"column":6},"end":{"line":321,"column":28}},"160":{"start":{"line":323,"column":6},"end":{"line":323,"column":46}},"161":{"start":{"line":325,"column":4},"end":{"line":331,"column":5}},"162":{"start":{"line":326,"column":6},"end":{"line":326,"column":31}},"163":{"start":{"line":327,"column":11},"end":{"line":331,"column":5}},"164":{"start":{"line":328,"column":6},"end":{"line":328,"column":35}},"165":{"start":{"line":330,"column":6},"end":{"line":330,"column":55}},"166":{"start":{"line":335,"column":0},"end":{"line":347,"column":2}},"167":{"start":{"line":336,"column":2},"end":{"line":346,"column":3}},"168":{"start":{"line":337,"column":4},"end":{"line":337,"column":28}},"169":{"start":{"line":339,"column":4},"end":{"line":345,"column":5}},"170":{"start":{"line":340,"column":6},"end":{"line":344,"column":7}},"171":{"start":{"line":341,"column":8},"end":{"line":341,"column":35}},"172":{"start":{"line":343,"column":8},"end":{"line":343,"column":34}},"173":{"start":{"line":349,"column":0},"end":{"line":400,"column":2}},"174":{"start":{"line":361,"column":2},"end":{"line":363,"column":5}},"175":{"start":{"line":365,"column":2},"end":{"line":367,"column":3}},"176":{"start":{"line":366,"column":4},"end":{"line":366,"column":36}},"177":{"start":{"line":369,"column":2},"end":{"line":398,"column":11}},"178":{"start":{"line":370,"column":4},"end":{"line":373,"column":7}},"179":{"start":{"line":374,"column":4},"end":{"line":377,"column":5}},"180":{"start":{"line":375,"column":6},"end":{"line":375,"column":33}},"181":{"start":{"line":376,"column":6},"end":{"line":376,"column":32}},"182":{"start":{"line":380,"column":4},"end":{"line":382,"column":5}},"183":{"start":{"line":381,"column":6},"end":{"line":381,"column":83}},"184":{"start":{"line":383,"column":4},"end":{"line":396,"column":5}},"185":{"start":{"line":386,"column":6},"end":{"line":386,"column":51}},"186":{"start":{"line":387,"column":11},"end":{"line":396,"column":5}},"187":{"start":{"line":389,"column":6},"end":{"line":391,"column":7}},"188":{"start":{"line":390,"column":8},"end":{"line":390,"column":53}},"189":{"start":{"line":392,"column":6},"end":{"line":392,"column":60}},"190":{"start":{"line":393,"column":11},"end":{"line":396,"column":5}},"191":{"start":{"line":394,"column":6},"end":{"line":394,"column":27}},"192":{"start":{"line":395,"column":6},"end":{"line":395,"column":42}},"193":{"start":{"line":397,"column":4},"end":{"line":397,"column":84}},"194":{"start":{"line":399,"column":2},"end":{"line":399,"column":30}},"195":{"start":{"line":402,"column":0},"end":{"line":735,"column":2}},"196":{"start":{"line":403,"column":2},"end":{"line":403,"column":32}},"197":{"start":{"line":403,"column":22},"end":{"line":403,"column":32}},"198":{"start":{"line":405,"column":2},"end":{"line":407,"column":5}},"199":{"start":{"line":409,"column":2},"end":{"line":416,"column":3}},"200":{"start":{"line":410,"column":4},"end":{"line":412,"column":7}},"201":{"start":{"line":411,"column":6},"end":{"line":411,"column":28}},"202":{"start":{"line":413,"column":4},"end":{"line":413,"column":20}},"203":{"start":{"line":414,"column":4},"end":{"line":414,"column":20}},"204":{"start":{"line":415,"column":4},"end":{"line":415,"column":25}},"205":{"start":{"line":418,"column":2},"end":{"line":672,"column":11}},"206":{"start":{"line":419,"column":4},"end":{"line":419,"column":24}},"207":{"start":{"line":421,"column":4},"end":{"line":666,"column":5}},"208":{"start":{"line":422,"column":6},"end":{"line":665,"column":7}},"209":{"start":{"line":424,"column":8},"end":{"line":
[...]
t\\t\\t\\t<ul>\\n\\t\\t\\t\\t\\t\\t<li>Alaska</li>\\n\\t\\t\\t\\t\\t\\t<li>California</li>\\n\\t\\t\\t\\t\\t\\t<li>Hawaii</li>\\n\\t\\t\\t\\t\\t\\t<li>Nevada</li>\\n\\t\\t\\t\\t\\t\\t<ul>\\n\\t\\t\\t\\t\\t\\t\\t<li>Reno</li>\\n\\t\\t\\t\\t\\t\\t\\t<li>Las Vegas</li>\\n\\t\\t\\t\\t\\t\\t\\t<li>Ely</li>\\n\\t\\t\\t\\t\\t\\t\\t<li>Gerlach</li>\\n\\t\\t\\t\\t\\t\\t\\t</ul>\\n\\t\\t\\t\\t\\t\\t<li>Oregon</li>\\n\\t\\t\\t\\t\\t\\t<li>Washington</li>\\n\\t\\t\\t\\t\\t\\t</ul>\\n\\t\\t\\t\\t\\t<li>Great Plains</li>\\n\\t\\t\\t\\t\\t<ul>\\n\\t\\t\\t\\t\\t\\t<li>Kansas</li>\\n\\t\\t\\t\\t\\t\\t<li>Nebraska</li>\\n\\t\\t\\t\\t\\t\\t<li>North Dakota</li>\\n\\t\\t\\t\\t\\t\\t<li>Oklahoma</li>\\n\\t\\t\\t\\t\\t\\t<li>South Dakota</li>\\n\\t\\t\\t\\t\\t\\t</ul>\\n\\t\\t\\t\\t\\t<li>Mid-Atlantic</li>\\n\\t\\t\\t\\t\\t<ul>\\n\\t\\t\\t\\t\\t\\t<li>Delaware</li>\\n\\t\\t\\t\\t\\t\\t<li>Maryland</li>\\n\\t\\t\\t\\t\\t\\t<li>New Jersey</li>\\n\\t\\t\\t\\t\\t\\t<li>New York</li>\\n\\t\\t\\t\\t\\t\\t<li>Pennsylvania</li>\\n\\t\\t\\t\\t\\t\\t</ul>\\n\\t\\t\\t\\t\\t<li>Midwest</li>\\n\\t\\t\\t\\t\\t<ul>\\n\\t\\t\\t\\t\\t\\t<li>Illinois</li>\\n\\t\\t\\t\\t\\t\\t<li>Indiana</li>\\n\\t\\t\\t\\t\\t\\t<li>Iowa</li>\\n\\t\\t\\t\\t\\t\\t<li>Kentucky</li>\\n\\t\\t\\t\\t\\t\\t<li>Michigan</li>\\n\\t\\t\\t\\t\\t\\t<li>Minnesota</li>\\n\\t\\t\\t\\t\\t\\t<li>Missouri</li>\\n\\t\\t\\t\\t\\t\\t<li>Ohio</li>\\n\\t\\t\\t\\t\\t\\t<li>West Virginia</li>\\n\\t\\t\\t\\t\\t\\t<li>Wisconsin</li>\\n\\t\\t\\t\\t\\t\\t</ul>\\n\\t\\t\\t\\t\\t<li>Mountains</li>\\n\\t\\t\\t\\t\\t<ul>\\n\\t\\t\\t\\t\\t\\t<li>Colorado</li>\\n\\t\\t\\t\\t\\t\\t<li>Idaho</li>\\n\\t\\t\\t\\t\\t\\t<li>Montana</li>\\n\\t\\t\\t\\t\\t\\t<li>Utah</li>\\n\\t\\t\\t\\t\\t\\t<li>Wyoming</li>\\n\\t\\t\\t\\t\\t\\t</ul>\\n\\t\\t\\t\\t\\t<li>New England</li>\\n\\t\\t\\t\\t\\t<ul>\\n\\t\\t\\t\\t\\t\\t<li>Connecticut</li>\\n\\t\\t\\t\\t\\t\\t<li>Maine</li>\\n\\t\\t\\t\\t\\t\\t<li>Massachusetts</li>\\n\\t\\t\\t\\t\\t\\t<li>New Hampshire</li>\\n\\t\\t\\t\\t\\t\\t<li>Rhode Island</li>\\n\\t\\t\\t\\t\\t\\t<li>Vermont</li>\\n\\t\\t\\t\\t\\t\\t</ul>\\n\\t\\t\\t\\t\\t<li>South</li>\\n\\t\\t\\t\\t\\t<ul>\\n\\t\\t\\t\\t\\t\\t<li>Alabama</li>\\n\\t\\t\\t\\t\\t\\t<li>Arkansas</li>\\n\\t\\t\\t\\t\\t\\t<li>Florida</li>\\n\\t\\t\\t\\t\\t\\t<li>Georgia</li>\\n\\t\\t\\t\\t\\t\\t<li>Louisiana</li>\\n\\t\\t\\t\\t\\t\\t<li>Mississippi</li>\\n\\t\\t\\t\\t\\t\\t<li>North Carolina</li>\\n\\t\\t\\t\\t\\t\\t<li>South Carolina</li>\\n\\t\\t\\t\\t\\t\\t<li>Tennessee</li>\\n\\t\\t\\t\\t\\t\\t<li>Virginia</li>\\n\\t\\t\\t\\t\\t\\t</ul>\\n\\t\\t\\t\\t\\t<li>Southwest</li>\\n\\t\\t\\t\\t\\t<ul>\\n\\t\\t\\t\\t\\t\\t<li>Arizona</li>\\n\\t\\t\\t\\t\\t\\t<li>New Mexico</li>\\n\\t\\t\\t\\t\\t\\t<li>Texas</li>\\n\\t\\t\\t\\t\\t\\t</ul>\\n\\t\\t\\t\\t\\t</ul>',","  summary: '<p>United States</p>\\n\\t\\t\\t\\t<ul>\\n\\t\\t\\t\\t\\t<li>Far West</li>\\n\\t\\t\\t\\t\\t<ul>\\n\\t\\t\\t\\t\\t\\t<li>Alaska</li>\\n\\t\\t\\t\\t\\t\\t<li>California</li>\\n\\t\\t\\t\\t\\t\\t<li>Hawaii</li>\\n\\t\\t\\t\\t\\t\\t<li>Nevada</li>\\n\\t\\t\\t\\t\\t\\t<ul>\\n\\t\\t\\t\\t\\t\\t\\t<li>Reno</li>\\n\\t\\t\\t\\t\\t\\t\\t<li>Las Vegas</li>\\n\\t\\t\\t\\t\\t\\t\\t<li>Ely</li>\\n\\t\\t\\t\\t\\t\\t\\t<li>Gerlach</li>\\n\\t\\t\\t\\t\\t\\t\\t</ul>\\n\\t\\t\\t\\t\\t\\t<li>Oregon</li>\\n\\t\\t\\t\\t\\t\\t<li>Washington</li>\\n\\t\\t\\t\\t\\t\\t</ul>\\n\\t\\t\\t\\t\\t<li>Great Plains</li>\\n\\t\\t\\t\\t\\t<ul>\\n\\t\\t\\t\\t\\t\\t<li>Kansas</li>\\n\\t\\t\\t\\t\\t\\t<li>Nebraska</li>\\n\\t\\t\\t\\t\\t\\t<li>North Dakota</li>\\n\\t\\t\\t\\t\\t\\t<li>Oklahoma</li>\\n\\t\\t\\t\\t\\t\\t<li>South Dakota</li>\\n\\t\\t\\t\\t\\t\\t</ul>\\n\\t\\t\\t\\t\\t<li>Mid-Atlantic</li>\\n\\t\\t\\t\\t\\t<ul>\\n\\t\\t\\t\\t\\t\\t<li>Delaware</li>\\n\\t\\t\\t\\t\\t\\t<li>Maryland</li>\\n\\t\\t\\t\\t\\t\\t<li>New Jersey</li>\\n\\t\\t\\t\\t\\t\\t<li>New York</li>\\n\\t\\t\\t\\t\\t\\t<li>Pennsylvania</li>\\n\\t\\t\\t\\t\\t\\t</ul>\\n\\t\\t\\t\\t\\t<li>Midwest</li>\\n\\t\\t\\t\\t\\t<ul>\\n\\t\\t\\t\\t\\t\\t<li>Illinois</li>\\n\\t\\t\\t\\t\\t\\t<li>Indiana</li>\\n\\t\\t\\t\\t\\t\\t<li>Iowa</li>\\n\\t\\t\\t\\t\\t\\t<li>Kentucky</li>\\n\\t\\t\\t\\t\\t\\t<li>Michigan</li>\\n\\t\\t\\t\\t\\t\\t<li>Minnesota</li>\\n\\t\\t\\t\\t\\t\\t<li>Missouri</li>\\n\\t\\t\\t\\t\\t\\t<li>Ohio</li>\\n\\t\\t\\t\\t\\t\\t<li>West Virginia</li>\\n\\t\\t\\t\\t\\t\\t<li>Wisconsin</li>\\n\\t\\t\\t\\t\\t\\t</ul>\\n\\t\\t\\t\\t\\t<li>Mountains</li>\\n\\t\\t\\t\\t\\t<ul>\\n\\t\\t\\t\\t\\t\\t<li>Colorado</li>\\n\\t\\t\\t\\t\\t\\t<li>Idaho</li>\\n\\t\\t\\t\\t\\t\\t<li>Montana</li>\\n\\t\\t\\t\\t\\t\\t<li>Utah</li>\\n\\t\\t\\t\\t\\t\\t<li>Wyoming</li>\\n\\t\\t\\t\\t\\t\\t</ul>\\n\\t\\t\\t\\t\\t<li>New England</li>\\n\\t\\t\\t\\t\\t<ul>\\n\\t\\t\\t\\t\\t\\t<li>Connecticut</li>\\n\\t\\t\\t\\t\\t\\t<li>Maine</li>\\n\\t\\t\\t\\t\\t\\t<li>Massachusetts</li>\\n\\t\\t\\t\\t\\t\\t<li>New Hampshire</li>\\n\\t\\t\\t\\t\\t\\t<li>Rhode Island</li>\\n\\t\\t\\t\\t\\t\\t<li>Vermont</li>\\n\\t\\t\\t\\t\\t\\t</ul>\\n\\t\\t\\t\\t\\t<li>South</li>\\n\\t\\t\\t\\t\\t<ul>\\n\\t\\t\\t\\t\\t\\t<li>Alabama</li>\\n\\t\\t\\t\\t\\t\\t<li>Arkansas</li>\\n\\t\\t\\t\\t\\t\\t<li>Florida</li>\\n\\t\\t\\t\\t\\t\\t<li>Georgia</li>\\n\\t\\t\\t\\t\\t\\t<li>Louisiana</li>\\n\\t\\t\\t\\t\\t\\t<li>Mississippi</li>\\n\\t\\t\\t\\t\\t\\t<li>North Carolina</li>\\n\\t\\t\\t\\t\\t\\t<li>South Carolina</li>\\n\\t\\t\\t\\t\\t\\t<li>Tennessee</li>\\n\\t\\t\\t\\t\\t\\t<li>Virginia</li>\\n\\t\\t\\t\\t\\t\\t</ul>\\n\\t\\t\\t\\t\\t<li>Southwest</li>\\n\\t\\t\\t\\t\\t<ul>\\n\\t\\t\\t\\t\\t\\t<li>Arizona</li>\\n\\t\\t\\t\\t\\t\\t<li>New Mexico</li>\\n\\t\\t\\t\\t\\t\\t<li>Texas</li>\\n\\t\\t\\t\\t\\t\\t</ul>\\n\\t\\t\\t\\t\\t</ul>',","  date: new Date('Thu Oct 16 2014 13:25:11 GMT-0400 (EDT)'),","  pubdate: new Date('Thu Oct 16 2014 13:25:11 GMT-0400 (EDT)'),","  pubDate: new Date('Thu Oct 16 2014 13:25:11 GMT-0400 (EDT)'),","  link: 'http://scripting.com/2014/10/16/#a1413480311',","  guid: 'http://scripting.com/2014/10/16/#a1413480311',","  author: 'dave.winer@gmail.com',","  comments: null,","  origlink: null,","  image: {},","  source: {},","  categories: [],","  enclosures: [],","  'rss:@': {},","  'rss:title': { '@': {}, '#': 'I need another test outline' },","  'rss:link': { '@': {}, '#': 'http://scripting.com/2014/10/16/#a1413480311' },","  'rss:description':","   { '@': {},","     '#': '<p>United States</p>\\n\\t\\t\\t\\t<ul>\\n\\t\\t\\t\\t\\t<li>Far West</li>\\n\\t\\t\\t\\t\\t<ul>\\n\\t\\t\\t\\t\\t\\t<li>Alaska</li>\\n\\t\\t\\t\\t\\t\\t<li>California</li>\\n\\t\\t\\t\\t\\t\\t<li>Hawaii</li>\\n\\t\\t\\t\\t\\t\\t<li>Nevada</li>\\n\\t\\t\\t\\t\\t\\t<ul>\\n\\t\\t\\t\\t\\t\\t\\t<li>Reno</li>\\n\\t\\t\\t\\t\\t\\t\\t<li>Las Vegas</li>\\n\\t\\t\\t\\t\\t\\t\\t<li>Ely</li>\\n\\t\\t\\t\\t\\t\\t\\t<li>Gerlach</li>\\n\\t\\t\\t\\t\\t\\t\\t</ul>\\n\\t\\t\\t\\t\\t\\t<li>Oregon</li>\\n\\t\\t\\t\\t\\t\\t<li>Washington</li>\\n\\t\\t\\t\\t\\t\\t</ul>\\n\\t\\t\\t\\t\\t<li>Great Plains</li>\\n\\t\\t\\t\\t\\t<ul>\\n\\t\\t\\t\\t\\t\\t<li>Kansas</li>\\n\\t\\t\\t\\t\\t\\t<li>Nebraska</li>\\n\\t\\t\\t\\t\\t\\t<li>North Dakota</li>\\n\\t\\t\\t\\t\\t\\t<li>Oklahoma</li>\\n\\t\\t\\t\\t\\t\\t<li>South Dakota</li>\\n\\t\\t\\t\\t\\t\\t</ul>\\n\\t\\t\\t\\t\\t<li>Mid-Atlantic</li>\\n\\t\\t\\t\\t\\t<ul>\\n\\t\\t\\t\\t\\t\\t<li>Delaware</li>\\n\\t\\t\\t\\t\\t\\t<li>Maryland</li>\\n\\t\\t\\t\\t\\t\\t<li>New Jersey</li>\\n\\t\\t\\t\\t\\t\\t<li>New York</li>\\n\\t\\t\\t\\t\\t\\t<li>Pennsylvania</li>\\n\\t\\t\\t\\t\\t\\t</ul>\\n\\t\\t\\t\\t\\t<li>Midwest</li>\\n\\t\\t\\t\\t\\t<ul>\\n\\t\\t\\t\\t\\t\\t<li>Illinois</li>\\n\\t\\t\\t\\t\\t\\t<li>Indiana</li>\\n\\t\\t\\t\\t\\t\\t<li>Iowa</li>\\n\\t\\t\\t\\t\\t\\t<li>Kentucky</li>\\n\\t\\t\\t\\t\\t\\t<li>Michigan</li>\\n\\t\\t\\t\\t\\t\\t<li>Minnesota</li>\\n\\t\\t\\t\\t\\t\\t<li>Missouri</li>\\n\\t\\t\\t\\t\\t\\t<li>Ohio</li>\\n\\t\\t\\t\\t\\t\\t<li>West Virginia</li>\\n\\t\\t\\t\\t\\t\\t<li>Wisconsin</li>\\n\\t\\t\\t\\t\\t\\t</ul>\\n\\t\\t\\t\\t\\t<li>Mountains</li>\\n\\t\\t\\t\\t\\t<ul>\\n\\t\\t\\t\\t\\t\\t<li>Colorado</li>\\n\\t\\t\\t\\t\\t\\t<li>Idaho</li>\\n\\t\\t\\t\\t\\t\\t<li>Montana</li>\\n\\t\\t\\t\\t\\t\\t<li>Utah</li>\\n\\t\\t\\t\\t\\t\\t<li>Wyoming</li>\\n\\t\\t\\t\\t\\t\\t</ul>\\n\\t\\t\\t\\t\\t<li>New England</li>\\n\\t\\t\\t\\t\\t<ul>\\n\\t\\t\\t\\t\\t\\t<li>Connecticut</li>\\n\\t\\t\\t\\t\\t\\t<li>Maine</li>\\n\\t\\t\\t\\t\\t\\t<li>Massachusetts</li>\\n\\t\\t\\t\\t\\t\\t<li>New Hampshire</li>\\n\\t\\t\\t\\t\\t\\t<li>Rhode Island</li>\\n\\t\\t\\t\\t\\t\\t<li>Vermont</li>\\n\\t\\t\\t\\t\\t\\t</ul>\\n\\t\\t\\t\\t\\t<li>South</li>\\n\\t\\t\\t\\t\\t<ul>\\n\\t\\t\\t\\t\\t\\t<li>Alabama</li>\\n\\t\\t\\t\\t\\t\\t<li>Arkansas</li>\\n\\t\\t\\t\\t\\t\\t<li>Florida</li>\\n\\t\\t\\t\\t\\t\\t<li>Georgia</li>\\n\\t\\t\\t\\t\\t\\t<li>Louisiana</li>\\n\\t\\t\\t\\t\\t\\t<li>Mississippi</li>\\n\\t\\t\\t\\t\\t\\t<li>North Carolina</li>\\n\\t\\t\\t\\t\\t\\t<li>South Carolina</li>\\n\\t\\t\\t\\t\\t\\t<li>Tennessee</li>\\n\\t\\t\\t\\t\\t\\t<li>Virginia</li>\\n\\t\\t\\t\\t\\t\\t</ul>\\n\\t\\t\\t\\t\\t<li>Southwest</li>\\n\\t\\t\\t\\t\\t<ul>\\n\\t\\t\\t\\t\\t\\t<li>Arizona</li>\\n\\t\\t\\t\\t\\t\\t<li>New Mexico</li>\\n\\t\\t\\t\\t\\t\\t<li>Texas</li>\\n\\t\\t\\t\\t\\t\\t</ul>\\n\\t\\t\\t\\t\\t</ul>' },","  'source:outline':","   { '@':","      { text: 'I need another test outline',","        created: 'Thu, 16 Oct 2014 17:25:11 GMT',","        type: 'idea',","        name: 'iNeedAnotherTestOutline' },","     'source:outline':","      { '@': { text: 'United States' },","        'source:outline':","         [ { '@': { text: 'Far West' },","             'source:outline':","              [ { '@': { text: 'Alaska' } },","                { '@': { text: 'California' } },","                { '@': { text: 'Hawaii' } },","                { '@': { text: 'Nevada' },","                  'source:outline':","                   [ { '@': { text: 'Reno', created: 'Tue, 12 Jul 2005 23:56:35 GMT' } },","                     { '@': { text: 'Las Vegas', created: 'Tue, 12 Jul 2005 23:56:37 GMT' } },","                     { '@': { text: 'Ely', created: 'Tue, 12 Jul 2005 23:56:39 GMT' } },","                     { '@': { text: 'Gerlach', created: 'Tue, 12 Jul 2005 23:56:47 GMT' } } ] },","                { '@': { text: 'Oregon' } },","                { '@': { text: 'Washington' } } ] },","           { '@': { text: 'Great Plains' },","             'source:outline':","              [ { '@': { text: 'Kansas' } },","                { '@': { text: 'Nebraska' } },","                { '@': { text: 'North Dakota' } },","                { '@': { text: 'Oklahoma' } },","                { '@': { text: 'South Dakota' } } ] },","           { '@': { text: 'Mid-Atlantic' },","             'source:outline':","              [ { '@': { text: 'Delaware' } },","                { '@': { text: 'Maryland' } },","                { '@': { text: 'New Jersey' } },","                { '@': { text: 'New York' } },","                { '@': { text: 'Pennsylvania' } } ] },","           { '@': { text: 'Midwest' },","             'source:outline':","              [ { '@': { text: 'Illinois' } },","                { '@': { text: 'Indiana' } },","                { '@': { text: 'Iowa' } },","                { '@': { text: 'Kentucky' } },","                { '@': { text: 'Michigan' } },","                { '@': { text: 'Minnesota' } },","                { '@': { text: 'Missouri' } },","                { '@': { text: 'Ohio' } },","                { '@': { text: 'West Virginia' } },","                { '@': { text: 'Wisconsin' } } ] },","           { '@': { text: 'Mountains' },","             'source:outline':","              [ { '@': { text: 'Colorado' } },","                { '@': { text: 'Idaho' } },","                { '@': { text: 'Montana' } },","                { '@': { text: 'Utah' } },","                { '@': { text: 'Wyoming' } } ] },","           { '@': { text: 'New England' },","             'source:outline':","              [ { '@': { text: 'Connecticut' } },","                { '@': { text: 'Maine' } },","                { '@': { text: 'Massachusetts' } },","                { '@': { text: 'New Hampshire' } },","                { '@': { text: 'Rhode Island' } },","                { '@': { text: 'Vermont' } } ] },","           { '@': { text: 'South' },","             'source:outline':","              [ { '@': { text: 'Alabama' } },","                { '@': { text: 'Arkansas' } },","                { '@': { text: 'Florida' } },","                { '@': { text: 'Georgia' } },","                { '@': { text: 'Louisiana' } },","                { '@': { text: 'Mississippi' } },","                { '@': { text: 'North Carolina' } },","                { '@': { text: 'South Carolina' } },","                { '@': { text: 'Tennessee' } },","                { '@': { text: 'Virginia' } } ] },","           { '@': { text: 'Southwest' },","             'source:outline':","              [ { '@': { text: 'Arizona' } },","                { '@': { text: 'New Mexico' } },","                { '@': { text: 'Texas' } } ] } ] } },","  'rss:pubdate': { '@': {}, '#': 'Thu, 16 Oct 2014 17:25:11 GMT' },","  permalink: 'http://scripting.com/2014/10/16/#a1413480311',","  'rss:guid': { '@': {}, '#': 'http://scripting.com/2014/10/16/#a1413480311' },","  meta:","   { '#ns': [ { 'xmlns:source': 'http://source.smallpict.com/2014/07/12/theSourceNamespace.html' } ],","     '@': [ { 'xmlns:source': 'http://source.smallpict.com/2014/07/12/theSourceNamespace.html' } ],","     '#xml': { version: '1.0' },","     '#type': 'rss',","     '#version': '2.0',","     title: 'Scripting News',","     description: 'Dave Winer\\'s weblog, started in April 1997, bootstrapped the blogging revolution.',","     date: new Date('Thu Oct 16 2014 19:27:07 GMT-0400 (EDT)'),","     pubdate: new Date('Thu Oct 16 2014 19:27:07 GMT-0400 (EDT)'),","     pubDate: new Date('Thu Oct 16 2014 19:27:07 GMT-0400 (EDT)'),","     link: 'http://scripting.com/',","     xmlurl: null,","     xmlUrl: null,","     author: 'dave.winer@gmail.com',","     language: 'en-us',","     favicon: null,","     copyright: null,","     generator: 'Fargo v1.68',","     cloud: {},","     image: {},","     categories: [],","     'rss:@': {},","     'rss:title': { '@': {}, '#': 'Scripting News' },","     'rss:link': { '@': {}, '#': 'http://scripting.com/' },","     'rss:description':","      { '@': {},","        '#': 'Dave Winer\\'s weblog, started in April 1997, bootstrapped the blogging revolution.' },","     'rss:pubdate': { '@': {}, '#': 'Thu, 16 Oct 2014 23:27:07 GMT' },","     'rss:lastbuilddate': { '@': {}, '#': 'Thu, 16 Oct 2014 23:27:07 GMT' },","     'rss:language': { '@': {}, '#': 'en-us' },","     'rss:generator': { '@': {}, '#': 'Fargo v1.68' },","     'rss:docs': { '@': {}, '#': 'http://cyber.law.harvard.edu/rss/rss.html' },","     'rss:webmaster':","      { '@': {},","        '#': 'dave.winer@gmail.com',","        name: '',","        email: 'dave.winer@gmail.com' },","     'source:account':","      [ { '@': { service: 'twitter' }, '#': 'davewiner' },","        { '@': { service: 'facebook' }, '#': 'dave.winer.12' } ] } };","","function convertOutline(jstruct) { //7/16/14 by DW","    var theNewOutline = {},","        atts, subs;","    if (jstruct[\"source:outline\"] != undefined) {","        if (jstruct[\"@\"] != undefined) {","            atts = jstruct[\"@\"];","            subs = jstruct[\"source:outline\"];","        } else {","            atts = jstruct[\"source:outline\"][\"@\"];","            subs = jstruct[\"source:outline\"][\"source:outline\"];","        }","    } else {","        atts = jstruct[\"@\"];","        subs = undefined;","    }","    for (var x in atts) {","        theNewOutline[x] = atts[x];","    }","    if (subs != undefined) {","        theNewOutline.subs = [];","        if (subs instanceof Array) {","            for (var i = 0; i < subs.length; i++) {","                theNewOutline.subs[i] = convertOutline(subs[i]);","            }","        } else {","            theNewOutline.subs = [];","            theNewOutline.subs[0] = {};","            for (var x in subs[\"@\"]) {","                theNewOutline.subs[0][x] = subs[\"@\"][x];","            }","            theNewOutline.subs[0] = subs;","        }","    }","    return (theNewOutline);","}","","function copyScalars (source, dest) { //8/31/14 by DW","  for (var x in source) { ","    var type, val = source [x];","    if (val instanceof Date) { ","      val = val.toString ();","    }","    type = typeof (val);","    if ((type != \"object\") && (type != undefined)) {","      dest [x] = val;","    }","  }","}","","function newConvertOutline(jstruct) {","    var theNewOutline = {};","    if (jstruct[\"@\"] != undefined) {","        copyScalars(jstruct[\"@\"], theNewOutline);","    }","    if (jstruct[\"source:outline\"] != undefined) {","        if (jstruct[\"source:outline\"] instanceof Array) {","            var theArray = jstruct[\"source:outline\"];","            theNewOutline.subs = [];","            for (var i = 0; i < theArray.length; i++) {","                theNewOutline.subs[theNewOutline.subs.length] = newConvertOutline(theArray[i]);","            }","        } else {","            theNewOutline.subs = [","                newConvertOutline(jstruct[\"source:outline\"])","            ];","        }","    }","    return (theNewOutline);","}","","console.log(require('util').inspect(convertOutline(obj), null, 10));","console.log(require('util').inspect(newConvertOutline(obj), null, 10));","",""],"l":{"1":1,"147":1,"148":1,"150":1,"151":1,"152":0,"153":0,"155":1,"156":1,"159":0,"160":0,"162":1,"163":4,"165":1,"166":1,"167":1,"168":0,"169":0,"172":1,"173":1,"174":1,"175":1,"177":1,"180":1,"183":1,"184":64,"185":71,"186":71,"187":0,"189":71,"190":71,"191":71,"196":1,"197":65,"198":65,"199":64,"201":65,"202":12,"203":10,"204":10,"205":10,"206":62,"209":2,"214":65,"217":1,"218":1}},"/home/travis/build/npmtest/node-npmtest-feedparser/node_modules/feedparser/bin/feedparser.js":{"path":"/home/travis/build/npmtest/node-npmtest-feedparser/node_modules/feedparser/bin/feedparser.js","s":{"1":1,"2":1,"3":1,"4":0,"5":0,"6":0,"7":0,"8":0},"b":{"1":[1,1],"2":[0,0]},"f":{"1":0},"fnMap":{"1":{"name":"(anonymous_1)","line":17,"loc":{"start":{"line":17,"column":18},"end":{"line":17,"column":29}}}},"statementMap":{"1":{"start":{"line":9,"column":0},"end":{"line":11,"column":32}},"2":{"start":{"line":13,"column":0},"end":{"line":13,"column":42}},"3":{"start":{"line":15,"column":0},"end":{"line":27,"column":5}},"4":{"start":{"line":18,"column":4},"end":{"line":18,"column":28}},"5":{"start":{"line":19,"column":4},"end":{"line":26,"column":5}},"6":{"start":{"line":20,"column":6},"end":{"line":25,"column":7}},"7":{"start":{"line":21,"column":8},"end":{"line":21,"column":56}},"8":{"start":{"line":24,"column":8},"end":{"line":24,"column":42}}},"branchMap":{"1":{"line":13,"type":"binary-expr","locations":[{"start":{"line":13,"column":19},"end":{"line":13,"column":28}},{"start":{"line":13,"column":32},"end":{"line":13,"column":41}}]},"2":{"line":20,"type":"if","locations":[{"start":{"line":20,"column":6},"end":{"line":20,"column":6}},{"start":{"line":20,"column":6},"end":{"line":20,"column":6}}]}},"code":["//#!/usr/bin/env node","/*"," * Parse a feed and dump the result to the console"," *"," * Usage: curl <feed url> | bin/feedparser.js"," *        cat <feed file> | bin/feedparser.js"," *"," */","var isatty = require('tty').isatty","  , util = require('util')","  , FeedParser = require('../');","","var usingConsole = isatty(1) && isatty(2);","","process.stdin.pipe(new FeedParser())","  .on('error', console.error)","  .on('readable', function() {","    var stream = this, item;","    while (item = stream.read()) {","      if (usingConsole) {","        console.log(util.inspect(item, null, 10, true));","      }","      else {","        console.log(JSON.stringify(item));","      }","    }","  });",""],"l":{"9":1,"13":1,"15":1,"18":0,"19":0,"20":0,"21":0,"24":0}}}